Copyright 1986-2022 Xilinx, Inc. All Rights Reserved. Copyright 2022-2025 Advanced Micro Devices, Inc. All Rights Reserved.
---------------------------------------------------------------------------------------------------------------------------------------------
| Tool Version : Vivado v.2025.2 (win64) Build 6299465 Fri Nov 14 19:35:11 GMT 2025
| Date         : Thu Jan 22 10:52:40 2026
| Host         : DESKTOP-E8CT5SI running 64-bit major release  (build 9200)
| Command      : report_drc -file design_2_wrapper_drc_opted.rpt -pb design_2_wrapper_drc_opted.pb -rpx design_2_wrapper_drc_opted.rpx
| Design       : design_2_wrapper
| Device       : xc7z020clg484-1
| Speed File   : -1
| Design State : Synthesized
---------------------------------------------------------------------------------------------------------------------------------------------

Report DRC

Table of Contents
-----------------
1. REPORT SUMMARY
2. REPORT DETAILS

1. REPORT SUMMARY
-----------------
            Netlist: netlist
          Floorplan: design_1
      Design limits: <entire design considered>
           Ruledeck: default
             Max checks: <unlimited>
             Checks found: 52
+--------+----------+------------------------+--------+
| Rule   | Severity | Description            | Checks |
+--------+----------+------------------------+--------+
| DPIP-1 | Warning  | Input pipelining       | 30     |
| DPOP-1 | Warning  | PREG Output pipelining | 12     |
| DPOP-2 | Warning  | MREG Output pipelining | 10     |
+--------+----------+------------------------+--------+

2. REPORT DETAILS
-----------------
DPIP-1#1 Warning
Input pipelining  
DSP design_2_i/ri5cy_axi_wrapper_0/inst/ri5cy_core/riscv_core_i/ex_stage_i/mult_i/dot_short_mul[1] input design_2_i/ri5cy_axi_wrapper_0/inst/ri5cy_core/riscv_core_i/ex_stage_i/mult_i/dot_short_mul[1]/A[29:0] is not pipelined. Pipelining DSP48 input will improve performance.
Related violations: <none>

DPIP-1#2 Warning
Input pipelining  
DSP design_2_i/ri5cy_axi_wrapper_0/inst/ri5cy_core/riscv_core_i/ex_stage_i/mult_i/dot_short_mul[1] input design_2_i/ri5cy_axi_wrapper_0/inst/ri5cy_core/riscv_core_i/ex_stage_i/mult_i/dot_short_mul[1]/B[17:0] is not pipelined. Pipelining DSP48 input will improve performance.
Related violations: <none>

DPIP-1#3 Warning
Input pipelining  
DSP design_2_i/ri5cy_axi_wrapper_0/inst/ri5cy_core/riscv_core_i/ex_stage_i/mult_i/dot_short_result input design_2_i/ri5cy_axi_wrapper_0/inst/ri5cy_core/riscv_core_i/ex_stage_i/mult_i/dot_short_result/A[29:0] is not pipelined. Pipelining DSP48 input will improve performance.
Related violations: <none>

DPIP-1#4 Warning
Input pipelining  
DSP design_2_i/ri5cy_axi_wrapper_0/inst/ri5cy_core/riscv_core_i/ex_stage_i/mult_i/dot_short_result input design_2_i/ri5cy_axi_wrapper_0/inst/ri5cy_core/riscv_core_i/ex_stage_i/mult_i/dot_short_result/B[17:0] is not pipelined. Pipelining DSP48 input will improve performance.
Related violations: <none>

DPIP-1#5 Warning
Input pipelining  
DSP design_2_i/ri5cy_axi_wrapper_0/inst/ri5cy_core/riscv_core_i/ex_stage_i/mult_i/dot_short_result input design_2_i/ri5cy_axi_wrapper_0/inst/ri5cy_core/riscv_core_i/ex_stage_i/mult_i/dot_short_result/C[47:0] is not pipelined. Pipelining DSP48 input will improve performance.
Related violations: <none>

DPIP-1#6 Warning
Input pipelining  
DSP design_2_i/ri5cy_axi_wrapper_0/inst/ri5cy_core/riscv_core_i/ex_stage_i/mult_i/int_result0 input design_2_i/ri5cy_axi_wrapper_0/inst/ri5cy_core/riscv_core_i/ex_stage_i/mult_i/int_result0/A[29:0] is not pipelined. Pipelining DSP48 input will improve performance.
Related violations: <none>

DPIP-1#7 Warning
Input pipelining  
DSP design_2_i/ri5cy_axi_wrapper_0/inst/ri5cy_core/riscv_core_i/ex_stage_i/mult_i/int_result0 input design_2_i/ri5cy_axi_wrapper_0/inst/ri5cy_core/riscv_core_i/ex_stage_i/mult_i/int_result0/B[17:0] is not pipelined. Pipelining DSP48 input will improve performance.
Related violations: <none>

DPIP-1#8 Warning
Input pipelining  
DSP design_2_i/ri5cy_axi_wrapper_0/inst/ri5cy_core/riscv_core_i/ex_stage_i/mult_i/int_result0__0 input design_2_i/ri5cy_axi_wrapper_0/inst/ri5cy_core/riscv_core_i/ex_stage_i/mult_i/int_result0__0/A[29:0] is not pipelined. Pipelining DSP48 input will improve performance.
Related violations: <none>

DPIP-1#9 Warning
Input pipelining  
DSP design_2_i/ri5cy_axi_wrapper_0/inst/ri5cy_core/riscv_core_i/ex_stage_i/mult_i/int_result0__0 input design_2_i/ri5cy_axi_wrapper_0/inst/ri5cy_core/riscv_core_i/ex_stage_i/mult_i/int_result0__0/B[17:0] is not pipelined. Pipelining DSP48 input will improve performance.
Related violations: <none>

DPIP-1#10 Warning
Input pipelining  
DSP design_2_i/ri5cy_axi_wrapper_0/inst/ri5cy_core/riscv_core_i/ex_stage_i/mult_i/int_result0__1 input design_2_i/ri5cy_axi_wrapper_0/inst/ri5cy_core/riscv_core_i/ex_stage_i/mult_i/int_result0__1/B[17:0] is not pipelined. Pipelining DSP48 input will improve performance.
Related violations: <none>

DPIP-1#11 Warning
Input pipelining  
DSP design_2_i/ri5cy_axi_wrapper_0/inst/ri5cy_core/riscv_core_i/ex_stage_i/mult_i/short_mac input design_2_i/ri5cy_axi_wrapper_0/inst/ri5cy_core/riscv_core_i/ex_stage_i/mult_i/short_mac/A[29:0] is not pipelined. Pipelining DSP48 input will improve performance.
Related violations: <none>

DPIP-1#12 Warning
Input pipelining  
DSP design_2_i/ri5cy_axi_wrapper_0/inst/ri5cy_core/riscv_core_i/ex_stage_i/mult_i/short_mac input design_2_i/ri5cy_axi_wrapper_0/inst/ri5cy_core/riscv_core_i/ex_stage_i/mult_i/short_mac/B[17:0] is not pipelined. Pipelining DSP48 input will improve performance.
Related violations: <none>

DPIP-1#13 Warning
Input pipelining  
DSP design_2_i/ri5cy_axi_wrapper_0/inst/ri5cy_core/riscv_core_i/ex_stage_i/mult_i/short_mac input design_2_i/ri5cy_axi_wrapper_0/inst/ri5cy_core/riscv_core_i/ex_stage_i/mult_i/short_mac/C[47:0] is not pipelined. Pipelining DSP48 input will improve performance.
Related violations: <none>

DPIP-1#14 Warning
Input pipelining  
DSP design_2_i/ri5cy_axi_wrapper_0/inst/ri5cy_core/riscv_core_i/ex_stage_i/mult_i/short_mac1 input design_2_i/ri5cy_axi_wrapper_0/inst/ri5cy_core/riscv_core_i/ex_stage_i/mult_i/short_mac1/A[29:0] is not pipelined. Pipelining DSP48 input will improve performance.
Related violations: <none>

DPIP-1#15 Warning
Input pipelining  
DSP design_2_i/ri5cy_axi_wrapper_0/inst/ri5cy_core/riscv_core_i/ex_stage_i/mult_i/short_mac1 input design_2_i/ri5cy_axi_wrapper_0/inst/ri5cy_core/riscv_core_i/ex_stage_i/mult_i/short_mac1/B[17:0] is not pipelined. Pipelining DSP48 input will improve performance.
Related violations: <none>

DPIP-1#16 Warning
Input pipelining  
DSP design_2_i/ri5cy_axi_wrapper_1/inst/ri5cy_core/riscv_core_i/ex_stage_i/mult_i/dot_short_mul[1] input design_2_i/ri5cy_axi_wrapper_1/inst/ri5cy_core/riscv_core_i/ex_stage_i/mult_i/dot_short_mul[1]/A[29:0] is not pipelined. Pipelining DSP48 input will improve performance.
Related violations: <none>

DPIP-1#17 Warning
Input pipelining  
DSP design_2_i/ri5cy_axi_wrapper_1/inst/ri5cy_core/riscv_core_i/ex_stage_i/mult_i/dot_short_mul[1] input design_2_i/ri5cy_axi_wrapper_1/inst/ri5cy_core/riscv_core_i/ex_stage_i/mult_i/dot_short_mul[1]/B[17:0] is not pipelined. Pipelining DSP48 input will improve performance.
Related violations: <none>

DPIP-1#18 Warning
Input pipelining  
DSP design_2_i/ri5cy_axi_wrapper_1/inst/ri5cy_core/riscv_core_i/ex_stage_i/mult_i/dot_short_result input design_2_i/ri5cy_axi_wrapper_1/inst/ri5cy_core/riscv_core_i/ex_stage_i/mult_i/dot_short_result/A[29:0] is not pipelined. Pipelining DSP48 input will improve performance.
Related violations: <none>

DPIP-1#19 Warning
Input pipelining  
DSP design_2_i/ri5cy_axi_wrapper_1/inst/ri5cy_core/riscv_core_i/ex_stage_i/mult_i/dot_short_result input design_2_i/ri5cy_axi_wrapper_1/inst/ri5cy_core/riscv_core_i/ex_stage_i/mult_i/dot_short_result/B[17:0] is not pipelined. Pipelining DSP48 input will improve performance.
Related violations: <none>

DPIP-1#20 Warning
Input pipelining  
DSP design_2_i/ri5cy_axi_wrapper_1/inst/ri5cy_core/riscv_core_i/ex_stage_i/mult_i/dot_short_result input design_2_i/ri5cy_axi_wrapper_1/inst/ri5cy_core/riscv_core_i/ex_stage_i/mult_i/dot_short_result/C[47:0] is not pipelined. Pipelining DSP48 input will improve performance.
Related violations: <none>

DPIP-1#21 Warning
Input pipelining  
DSP design_2_i/ri5cy_axi_wrapper_1/inst/ri5cy_core/riscv_core_i/ex_stage_i/mult_i/int_result0 input design_2_i/ri5cy_axi_wrapper_1/inst/ri5cy_core/riscv_core_i/ex_stage_i/mult_i/int_result0/A[29:0] is not pipelined. Pipelining DSP48 input will improve performance.
Related violations: <none>

DPIP-1#22 Warning
Input pipelining  
DSP design_2_i/ri5cy_axi_wrapper_1/inst/ri5cy_core/riscv_core_i/ex_stage_i/mult_i/int_result0 input design_2_i/ri5cy_axi_wrapper_1/inst/ri5cy_core/riscv_core_i/ex_stage_i/mult_i/int_result0/B[17:0] is not pipelined. Pipelining DSP48 input will improve performance.
Related violations: <none>

DPIP-1#23 Warning
Input pipelining  
DSP design_2_i/ri5cy_axi_wrapper_1/inst/ri5cy_core/riscv_core_i/ex_stage_i/mult_i/int_result0__0 input design_2_i/ri5cy_axi_wrapper_1/inst/ri5cy_core/riscv_core_i/ex_stage_i/mult_i/int_result0__0/A[29:0] is not pipelined. Pipelining DSP48 input will improve performance.
Related violations: <none>

DPIP-1#24 Warning
Input pipelining  
DSP design_2_i/ri5cy_axi_wrapper_1/inst/ri5cy_core/riscv_core_i/ex_stage_i/mult_i/int_result0__0 input design_2_i/ri5cy_axi_wrapper_1/inst/ri5cy_core/riscv_core_i/ex_stage_i/mult_i/int_result0__0/B[17:0] is not pipelined. Pipelining DSP48 input will improve performance.
Related violations: <none>

DPIP-1#25 Warning
Input pipelining  
DSP design_2_i/ri5cy_axi_wrapper_1/inst/ri5cy_core/riscv_core_i/ex_stage_i/mult_i/int_result0__1 input design_2_i/ri5cy_axi_wrapper_1/inst/ri5cy_core/riscv_core_i/ex_stage_i/mult_i/int_result0__1/B[17:0] is not pipelined. Pipelining DSP48 input will improve performance.
Related violations: <none>

DPIP-1#26 Warning
Input pipelining  
DSP design_2_i/ri5cy_axi_wrapper_1/inst/ri5cy_core/riscv_core_i/ex_stage_i/mult_i/short_mac input design_2_i/ri5cy_axi_wrapper_1/inst/ri5cy_core/riscv_core_i/ex_stage_i/mult_i/short_mac/A[29:0] is not pipelined. Pipelining DSP48 input will improve performance.
Related violations: <none>

DPIP-1#27 Warning
Input pipelining  
DSP design_2_i/ri5cy_axi_wrapper_1/inst/ri5cy_core/riscv_core_i/ex_stage_i/mult_i/short_mac input design_2_i/ri5cy_axi_wrapper_1/inst/ri5cy_core/riscv_core_i/ex_stage_i/mult_i/short_mac/B[17:0] is not pipelined. Pipelining DSP48 input will improve performance.
Related violations: <none>

DPIP-1#28 Warning
Input pipelining  
DSP design_2_i/ri5cy_axi_wrapper_1/inst/ri5cy_core/riscv_core_i/ex_stage_i/mult_i/short_mac input design_2_i/ri5cy_axi_wrapper_1/inst/ri5cy_core/riscv_core_i/ex_stage_i/mult_i/short_mac/C[47:0] is not pipelined. Pipelining DSP48 input will improve performance.
Related violations: <none>

DPIP-1#29 Warning
Input pipelining  
DSP design_2_i/ri5cy_axi_wrapper_1/inst/ri5cy_core/riscv_core_i/ex_stage_i/mult_i/short_mac1 input design_2_i/ri5cy_axi_wrapper_1/inst/ri5cy_core/riscv_core_i/ex_stage_i/mult_i/short_mac1/A[29:0] is not pipelined. Pipelining DSP48 input will improve performance.
Related violations: <none>

DPIP-1#30 Warning
Input pipelining  
DSP design_2_i/ri5cy_axi_wrapper_1/inst/ri5cy_core/riscv_core_i/ex_stage_i/mult_i/short_mac1 input design_2_i/ri5cy_axi_wrapper_1/inst/ri5cy_core/riscv_core_i/ex_stage_i/mult_i/short_mac1/B[17:0] is not pipelined. Pipelining DSP48 input will improve performance.
Related violations: <none>

DPOP-1#1 Warning
PREG Output pipelining  
DSP design_2_i/ri5cy_axi_wrapper_0/inst/ri5cy_core/riscv_core_i/ex_stage_i/mult_i/dot_short_mul[1] output design_2_i/ri5cy_axi_wrapper_0/inst/ri5cy_core/riscv_core_i/ex_stage_i/mult_i/dot_short_mul[1]/P[47:0] is not pipelined (PREG=0). Pipelining the DSP48 output will improve performance and often saves power so it is suggested whenever possible to fully pipeline this function.  If this DSP48 function was inferred, it is suggested to describe an additional register stage after this function.  If the DSP48 was instantiated in the design, it is suggested to set the PREG attribute to 1.
Related violations: <none>

DPOP-1#2 Warning
PREG Output pipelining  
DSP design_2_i/ri5cy_axi_wrapper_0/inst/ri5cy_core/riscv_core_i/ex_stage_i/mult_i/dot_short_result output design_2_i/ri5cy_axi_wrapper_0/inst/ri5cy_core/riscv_core_i/ex_stage_i/mult_i/dot_short_result/P[47:0] is not pipelined (PREG=0). Pipelining the DSP48 output will improve performance and often saves power so it is suggested whenever possible to fully pipeline this function.  If this DSP48 function was inferred, it is suggested to describe an additional register stage after this function.  If the DSP48 was instantiated in the design, it is suggested to set the PREG attribute to 1.
Related violations: <none>

DPOP-1#3 Warning
PREG Output pipelining  
DSP design_2_i/ri5cy_axi_wrapper_0/inst/ri5cy_core/riscv_core_i/ex_stage_i/mult_i/int_result0 output design_2_i/ri5cy_axi_wrapper_0/inst/ri5cy_core/riscv_core_i/ex_stage_i/mult_i/int_result0/P[47:0] is not pipelined (PREG=0). Pipelining the DSP48 output will improve performance and often saves power so it is suggested whenever possible to fully pipeline this function.  If this DSP48 function was inferred, it is suggested to describe an additional register stage after this function.  If the DSP48 was instantiated in the design, it is suggested to set the PREG attribute to 1.
Related violations: <none>

DPOP-1#4 Warning
PREG Output pipelining  
DSP design_2_i/ri5cy_axi_wrapper_0/inst/ri5cy_core/riscv_core_i/ex_stage_i/mult_i/int_result0__0 output design_2_i/ri5cy_axi_wrapper_0/inst/ri5cy_core/riscv_core_i/ex_stage_i/mult_i/int_result0__0/P[47:0] is not pipelined (PREG=0). Pipelining the DSP48 output will improve performance and often saves power so it is suggested whenever possible to fully pipeline this function.  If this DSP48 function was inferred, it is suggested to describe an additional register stage after this function.  If the DSP48 was instantiated in the design, it is suggested to set the PREG attribute to 1.
Related violations: <none>

DPOP-1#5 Warning
PREG Output pipelining  
DSP design_2_i/ri5cy_axi_wrapper_0/inst/ri5cy_core/riscv_core_i/ex_stage_i/mult_i/int_result0__1 output design_2_i/ri5cy_axi_wrapper_0/inst/ri5cy_core/riscv_core_i/ex_stage_i/mult_i/int_result0__1/P[47:0] is not pipelined (PREG=0). Pipelining the DSP48 output will improve performance and often saves power so it is suggested whenever possible to fully pipeline this function.  If this DSP48 function was inferred, it is suggested to describe an additional register stage after this function.  If the DSP48 was instantiated in the design, it is suggested to set the PREG attribute to 1.
Related violations: <none>

DPOP-1#6 Warning
PREG Output pipelining  
DSP design_2_i/ri5cy_axi_wrapper_0/inst/ri5cy_core/riscv_core_i/ex_stage_i/mult_i/short_mac output design_2_i/ri5cy_axi_wrapper_0/inst/ri5cy_core/riscv_core_i/ex_stage_i/mult_i/short_mac/P[47:0] is not pipelined (PREG=0). Pipelining the DSP48 output will improve performance and often saves power so it is suggested whenever possible to fully pipeline this function.  If this DSP48 function was inferred, it is suggested to describe an additional register stage after this function.  If the DSP48 was instantiated in the design, it is suggested to set the PREG attribute to 1.
Related violations: <none>

DPOP-1#7 Warning
PREG Output pipelining  
DSP design_2_i/ri5cy_axi_wrapper_1/inst/ri5cy_core/riscv_core_i/ex_stage_i/mult_i/dot_short_mul[1] output design_2_i/ri5cy_axi_wrapper_1/inst/ri5cy_core/riscv_core_i/ex_stage_i/mult_i/dot_short_mul[1]/P[47:0] is not pipelined (PREG=0). Pipelining the DSP48 output will improve performance and often saves power so it is suggested whenever possible to fully pipeline this function.  If this DSP48 function was inferred, it is suggested to describe an additional register stage after this function.  If the DSP48 was instantiated in the design, it is suggested to set the PREG attribute to 1.
Related violations: <none>

DPOP-1#8 Warning
PREG Output pipelining  
DSP design_2_i/ri5cy_axi_wrapper_1/inst/ri5cy_core/riscv_core_i/ex_stage_i/mult_i/dot_short_result output design_2_i/ri5cy_axi_wrapper_1/inst/ri5cy_core/riscv_core_i/ex_stage_i/mult_i/dot_short_result/P[47:0] is not pipelined (PREG=0). Pipelining the DSP48 output will improve performance and often saves power so it is suggested whenever possible to fully pipeline this function.  If this DSP48 function was inferred, it is suggested to describe an additional register stage after this function.  If the DSP48 was instantiated in the design, it is suggested to set the PREG attribute to 1.
Related violations: <none>

DPOP-1#9 Warning
PREG Output pipelining  
DSP design_2_i/ri5cy_axi_wrapper_1/inst/ri5cy_core/riscv_core_i/ex_stage_i/mult_i/int_result0 output design_2_i/ri5cy_axi_wrapper_1/inst/ri5cy_core/riscv_core_i/ex_stage_i/mult_i/int_result0/P[47:0] is not pipelined (PREG=0). Pipelining the DSP48 output will improve performance and often saves power so it is suggested whenever possible to fully pipeline this function.  If this DSP48 function was inferred, it is suggested to describe an additional register stage after this function.  If the DSP48 was instantiated in the design, it is suggested to set the PREG attribute to 1.
Related violations: <none>

DPOP-1#10 Warning
PREG Output pipelining  
DSP design_2_i/ri5cy_axi_wrapper_1/inst/ri5cy_core/riscv_core_i/ex_stage_i/mult_i/int_result0__0 output design_2_i/ri5cy_axi_wrapper_1/inst/ri5cy_core/riscv_core_i/ex_stage_i/mult_i/int_result0__0/P[47:0] is not pipelined (PREG=0). Pipelining the DSP48 output will improve performance and often saves power so it is suggested whenever possible to fully pipeline this function.  If this DSP48 function was inferred, it is suggested to describe an additional register stage after this function.  If the DSP48 was instantiated in the design, it is suggested to set the PREG attribute to 1.
Related violations: <none>

DPOP-1#11 Warning
PREG Output pipelining  
DSP design_2_i/ri5cy_axi_wrapper_1/inst/ri5cy_core/riscv_core_i/ex_stage_i/mult_i/int_result0__1 output design_2_i/ri5cy_axi_wrapper_1/inst/ri5cy_core/riscv_core_i/ex_stage_i/mult_i/int_result0__1/P[47:0] is not pipelined (PREG=0). Pipelining the DSP48 output will improve performance and often saves power so it is suggested whenever possible to fully pipeline this function.  If this DSP48 function was inferred, it is suggested to describe an additional register stage after this function.  If the DSP48 was instantiated in the design, it is suggested to set the PREG attribute to 1.
Related violations: <none>

DPOP-1#12 Warning
PREG Output pipelining  
DSP design_2_i/ri5cy_axi_wrapper_1/inst/ri5cy_core/riscv_core_i/ex_stage_i/mult_i/short_mac output design_2_i/ri5cy_axi_wrapper_1/inst/ri5cy_core/riscv_core_i/ex_stage_i/mult_i/short_mac/P[47:0] is not pipelined (PREG=0). Pipelining the DSP48 output will improve performance and often saves power so it is suggested whenever possible to fully pipeline this function.  If this DSP48 function was inferred, it is suggested to describe an additional register stage after this function.  If the DSP48 was instantiated in the design, it is suggested to set the PREG attribute to 1.
Related violations: <none>

DPOP-2#1 Warning
MREG Output pipelining  
DSP design_2_i/ri5cy_axi_wrapper_0/inst/ri5cy_core/riscv_core_i/ex_stage_i/mult_i/dot_short_mul[1] multiplier stage design_2_i/ri5cy_axi_wrapper_0/inst/ri5cy_core/riscv_core_i/ex_stage_i/mult_i/dot_short_mul[1]/P[47:0] is not pipelined (MREG=0). Pipelining the multiplier function will improve performance and will save significant power so it is suggested whenever possible to fully pipeline this function.  If this multiplier was inferred, it is suggested to describe an additional register stage after this function.  If there is no registered adder/accumulator following the multiply function, two pipeline stages are suggested to allow both the MREG and PREG registers to be used.  If the DSP48 was instantiated in the design, it is suggested to set both the MREG and PREG attributes to 1 when performing multiply functions.
Related violations: <none>

DPOP-2#2 Warning
MREG Output pipelining  
DSP design_2_i/ri5cy_axi_wrapper_0/inst/ri5cy_core/riscv_core_i/ex_stage_i/mult_i/dot_short_result multiplier stage design_2_i/ri5cy_axi_wrapper_0/inst/ri5cy_core/riscv_core_i/ex_stage_i/mult_i/dot_short_result/P[47:0] is not pipelined (MREG=0). Pipelining the multiplier function will improve performance and will save significant power so it is suggested whenever possible to fully pipeline this function.  If this multiplier was inferred, it is suggested to describe an additional register stage after this function.  If there is no registered adder/accumulator following the multiply function, two pipeline stages are suggested to allow both the MREG and PREG registers to be used.  If the DSP48 was instantiated in the design, it is suggested to set both the MREG and PREG attributes to 1 when performing multiply functions.
Related violations: <none>

DPOP-2#3 Warning
MREG Output pipelining  
DSP design_2_i/ri5cy_axi_wrapper_0/inst/ri5cy_core/riscv_core_i/ex_stage_i/mult_i/int_result0 multiplier stage design_2_i/ri5cy_axi_wrapper_0/inst/ri5cy_core/riscv_core_i/ex_stage_i/mult_i/int_result0/P[47:0] is not pipelined (MREG=0). Pipelining the multiplier function will improve performance and will save significant power so it is suggested whenever possible to fully pipeline this function.  If this multiplier was inferred, it is suggested to describe an additional register stage after this function.  If there is no registered adder/accumulator following the multiply function, two pipeline stages are suggested to allow both the MREG and PREG registers to be used.  If the DSP48 was instantiated in the design, it is suggested to set both the MREG and PREG attributes to 1 when performing multiply functions.
Related violations: <none>

DPOP-2#4 Warning
MREG Output pipelining  
DSP design_2_i/ri5cy_axi_wrapper_0/inst/ri5cy_core/riscv_core_i/ex_stage_i/mult_i/int_result0__0 multiplier stage design_2_i/ri5cy_axi_wrapper_0/inst/ri5cy_core/riscv_core_i/ex_stage_i/mult_i/int_result0__0/P[47:0] is not pipelined (MREG=0). Pipelining the multiplier function will improve performance and will save significant power so it is suggested whenever possible to fully pipeline this function.  If this multiplier was inferred, it is suggested to describe an additional register stage after this function.  If there is no registered adder/accumulator following the multiply function, two pipeline stages are suggested to allow both the MREG and PREG registers to be used.  If the DSP48 was instantiated in the design, it is suggested to set both the MREG and PREG attributes to 1 when performing multiply functions.
Related violations: <none>

DPOP-2#5 Warning
MREG Output pipelining  
DSP design_2_i/ri5cy_axi_wrapper_0/inst/ri5cy_core/riscv_core_i/ex_stage_i/mult_i/int_result0__1 multiplier stage design_2_i/ri5cy_axi_wrapper_0/inst/ri5cy_core/riscv_core_i/ex_stage_i/mult_i/int_result0__1/P[47:0] is not pipelined (MREG=0). Pipelining the multiplier function will improve performance and will save significant power so it is suggested whenever possible to fully pipeline this function.  If this multiplier was inferred, it is suggested to describe an additional register stage after this function.  If there is no registered adder/accumulator following the multiply function, two pipeline stages are suggested to allow both the MREG and PREG registers to be used.  If the DSP48 was instantiated in the design, it is suggested to set both the MREG and PREG attributes to 1 when performing multiply functions.
Related violations: <none>

DPOP-2#6 Warning
MREG Output pipelining  
DSP design_2_i/ri5cy_axi_wrapper_1/inst/ri5cy_core/riscv_core_i/ex_stage_i/mult_i/dot_short_mul[1] multiplier stage design_2_i/ri5cy_axi_wrapper_1/inst/ri5cy_core/riscv_core_i/ex_stage_i/mult_i/dot_short_mul[1]/P[47:0] is not pipelined (MREG=0). Pipelining the multiplier function will improve performance and will save significant power so it is suggested whenever possible to fully pipeline this function.  If this multiplier was inferred, it is suggested to describe an additional register stage after this function.  If there is no registered adder/accumulator following the multiply function, two pipeline stages are suggested to allow both the MREG and PREG registers to be used.  If the DSP48 was instantiated in the design, it is suggested to set both the MREG and PREG attributes to 1 when performing multiply functions.
Related violations: <none>

DPOP-2#7 Warning
MREG Output pipelining  
DSP design_2_i/ri5cy_axi_wrapper_1/inst/ri5cy_core/riscv_core_i/ex_stage_i/mult_i/dot_short_result multiplier stage design_2_i/ri5cy_axi_wrapper_1/inst/ri5cy_core/riscv_core_i/ex_stage_i/mult_i/dot_short_result/P[47:0] is not pipelined (MREG=0). Pipelining the multiplier function will improve performance and will save significant power so it is suggested whenever possible to fully pipeline this function.  If this multiplier was inferred, it is suggested to describe an additional register stage after this function.  If there is no registered adder/accumulator following the multiply function, two pipeline stages are suggested to allow both the MREG and PREG registers to be used.  If the DSP48 was instantiated in the design, it is suggested to set both the MREG and PREG attributes to 1 when performing multiply functions.
Related violations: <none>

DPOP-2#8 Warning
MREG Output pipelining  
DSP design_2_i/ri5cy_axi_wrapper_1/inst/ri5cy_core/riscv_core_i/ex_stage_i/mult_i/int_result0 multiplier stage design_2_i/ri5cy_axi_wrapper_1/inst/ri5cy_core/riscv_core_i/ex_stage_i/mult_i/int_result0/P[47:0] is not pipelined (MREG=0). Pipelining the multiplier function will improve performance and will save significant power so it is suggested whenever possible to fully pipeline this function.  If this multiplier was inferred, it is suggested to describe an additional register stage after this function.  If there is no registered adder/accumulator following the multiply function, two pipeline stages are suggested to allow both the MREG and PREG registers to be used.  If the DSP48 was instantiated in the design, it is suggested to set both the MREG and PREG attributes to 1 when performing multiply functions.
Related violations: <none>

DPOP-2#9 Warning
MREG Output pipelining  
DSP design_2_i/ri5cy_axi_wrapper_1/inst/ri5cy_core/riscv_core_i/ex_stage_i/mult_i/int_result0__0 multiplier stage design_2_i/ri5cy_axi_wrapper_1/inst/ri5cy_core/riscv_core_i/ex_stage_i/mult_i/int_result0__0/P[47:0] is not pipelined (MREG=0). Pipelining the multiplier function will improve performance and will save significant power so it is suggested whenever possible to fully pipeline this function.  If this multiplier was inferred, it is suggested to describe an additional register stage after this function.  If there is no registered adder/accumulator following the multiply function, two pipeline stages are suggested to allow both the MREG and PREG registers to be used.  If the DSP48 was instantiated in the design, it is suggested to set both the MREG and PREG attributes to 1 when performing multiply functions.
Related violations: <none>

DPOP-2#10 Warning
MREG Output pipelining  
DSP design_2_i/ri5cy_axi_wrapper_1/inst/ri5cy_core/riscv_core_i/ex_stage_i/mult_i/int_result0__1 multiplier stage design_2_i/ri5cy_axi_wrapper_1/inst/ri5cy_core/riscv_core_i/ex_stage_i/mult_i/int_result0__1/P[47:0] is not pipelined (MREG=0). Pipelining the multiplier function will improve performance and will save significant power so it is suggested whenever possible to fully pipeline this function.  If this multiplier was inferred, it is suggested to describe an additional register stage after this function.  If there is no registered adder/accumulator following the multiply function, two pipeline stages are suggested to allow both the MREG and PREG registers to be used.  If the DSP48 was instantiated in the design, it is suggested to set both the MREG and PREG attributes to 1 when performing multiply functions.
Related violations: <none>


