2025-11-24 10:37:57 [error] : [Platform Server] Creating platform platform  error occurred and the stream has ended - platform. 
2025-11-24 10:37:57 [info] : [Platform Server] Creating platform platform  output stream finished - platform. 
2025-11-24 15:03:45 [error] : [Platform Server] Creating platform platform1  error occurred and the stream has ended - platform1. 
2025-11-24 15:03:45 [info] : [Platform Server] Creating platform platform1  output stream finished - platform1. 
2025-11-24 15:04:57 [error] : [Platform Server] Creating platform platform2  error occurred and the stream has ended - platform2. 
2025-11-24 15:04:57 [info] : [Platform Server] Creating platform platform2  output stream finished - platform2. 
2025-11-24 20:11:33 [info] : [Platform Server] Creating platform platform3  output stream finished - platform3. 
2025-11-25 07:56:07 [info] : [Platform Server] Generate platform output stream finished - platform3. 
2025-11-25 07:56:12 [info] : [Build Server] Build output stream finished - peripheral_tests::. 
2025-11-25 09:44:30 [info] : [Debug Manager] Successfully verified the target connection used  Local 
2025-11-25 09:44:30 [info] : [Debug Manager] Starting launch in 'debug' mode using configuration: {"type":"tcf-debug","request":"launch","name":"peripheral_tests_app_hw_1","debugType":"baremetal-zynq","attachToRunningTargetOptions":{"targetSetupMode":"standalone","executeScript":true,"scriptPath":""},"autoAttachProcessChildren":false,"target":{"targetConnectionId":"Local","peersIniPath":"../../_ide/.peers.ini","context":"zynq"},"pathMap":[],"targetSetup":{"resetSystem":true,"programDevice":true,"partialBitstream":false,"skipRevisionCheck":false,"device":{"plDevice":"Auto Detect","psDevice":"Auto Detect"},"resetAPU":false,"bitstreamFile":"C:\\Users\\MahmoudHc\\Desktop\\ptech\\Projet\\project_1\\project_1.runs\\impl_1\\design_2_wrapper.bit","zynqInitialization":{"isFsbl":false,"usingFSBL":{"initWithFSBL":true,"fsblFile":"${workspaceFolder}\\platform3\\export\\platform3\\sw\\boot\\fsbl.elf","fsblExitSymbol":"FsblHandoffJtagExit"},"usingPs7Init":{"runPs7Init":false,"runPs7PostInit":false,"ps7InitTclFile":""}},"downloadElf":[{"core":"microblaze_riscv_0","resetProcessor":true,"elfFile":"${workspaceFolder}\\peripheral_tests\\build\\peripheral_tests.elf","stopAtEntry":false,"isSelfRelocatingApp":false,"relativeAddress":""}],"crossTriggerBreakpoints":{"isSelected":false,"breakpoints":[]}},"internalConsoleOptions":"openOnSessionStart","__configUri":"file:///c%3A/Users/MahmoudHc/Desktop/ptech/Projet/project_1/peripheral_tests/_ide/launch.json"} 
2025-11-25 09:44:31 [info] : [Debug Manager] Added breakpoint:main 
2025-11-25 09:44:31 [info] : [Debug Manager] Added breakpoint:_exit 
2025-11-25 09:44:31 [info] : [Debug Manager] Launch session has started on the configuration 'peripheral_tests_app_hw_1 [peripheral_tests]' 
2025-11-25 09:47:01 [info] : [Debug Manager] Removed breakpoint: main 
2025-11-25 09:47:01 [info] : [Debug Manager] Removed breakpoint: _exit 
2025-11-25 09:47:01 [info] : [Debug Manager] Launch session has terminated on the configuration 'peripheral_tests_app_hw_1 [peripheral_tests]' 
2025-11-25 09:47:31 [info] : [Debug Manager] Successfully verified the target connection used  Local 
2025-11-25 09:47:31 [info] : [Debug Manager] Starting launch in 'debug' mode using configuration: {"type":"tcf-debug","request":"launch","name":"peripheral_tests_app_hw_1","debugType":"baremetal-zynq","attachToRunningTargetOptions":{"targetSetupMode":"standalone","executeScript":true,"scriptPath":""},"autoAttachProcessChildren":false,"target":{"targetConnectionId":"Local","peersIniPath":"../../_ide/.peers.ini","context":"zynq"},"pathMap":[],"targetSetup":{"resetSystem":true,"programDevice":true,"partialBitstream":false,"skipRevisionCheck":false,"device":{"plDevice":"Auto Detect","psDevice":"Auto Detect"},"resetAPU":false,"bitstreamFile":"C:\\Users\\MahmoudHc\\Desktop\\ptech\\Projet\\project_1\\project_1.runs\\impl_1\\design_2_wrapper.bit","zynqInitialization":{"isFsbl":false,"usingFSBL":{"initWithFSBL":true,"fsblFile":"${workspaceFolder}\\platform3\\export\\platform3\\sw\\boot\\fsbl.elf","fsblExitSymbol":"FsblHandoffJtagExit"},"usingPs7Init":{"runPs7Init":false,"runPs7PostInit":false,"ps7InitTclFile":""}},"downloadElf":[{"core":"microblaze_riscv_0","resetProcessor":true,"elfFile":"${workspaceFolder}\\peripheral_tests\\build\\peripheral_tests.elf","stopAtEntry":false,"isSelfRelocatingApp":false,"relativeAddress":""}],"crossTriggerBreakpoints":{"isSelected":false,"breakpoints":[]}},"internalConsoleOptions":"openOnSessionStart","__configUri":"file:///c%3A/Users/MahmoudHc/Desktop/ptech/Projet/project_1/peripheral_tests/_ide/launch.json"} 
2025-11-25 09:47:31 [info] : [Debug Manager] Added breakpoint:main 
2025-11-25 09:47:31 [info] : [Debug Manager] Added breakpoint:_exit 
2025-11-25 09:47:31 [info] : [Debug Manager] Launch session has started on the configuration 'peripheral_tests_app_hw_1 [peripheral_tests]' 
2025-11-25 10:33:42 [info] : [Debug Manager] Removed breakpoint: main 
2025-11-25 10:33:42 [info] : [Debug Manager] Removed breakpoint: _exit 
2025-11-25 10:33:42 [info] : [Debug Manager] Launch session has terminated on the configuration 'peripheral_tests_app_hw_1 [peripheral_tests]' 
2026-01-22 08:23:18 [info] : [Platform Server] Updating design_2_wrapper XSA for platform3 platform output stream finished - platform3. 
2026-01-22 08:23:29 [info] : [Platform Server] Generate platform output stream finished - platform3. 
2026-01-22 08:24:55 [info] : [Debug Manager] Successfully verified the target connection used  Local 
2026-01-22 08:24:55 [info] : [Debug Manager] Starting launch in 'run' mode using configuration: {"type":"tcf-debug","request":"launch","name":"peripheral_tests_app_hw_1","debugType":"baremetal-zynq","attachToRunningTargetOptions":{"targetSetupMode":"standalone","executeScript":true,"scriptPath":""},"autoAttachProcessChildren":false,"target":{"targetConnectionId":"Local","peersIniPath":"../../_ide/.peers.ini","context":"zynq"},"pathMap":[],"targetSetup":{"resetSystem":true,"programDevice":true,"partialBitstream":false,"skipRevisionCheck":false,"device":{"plDevice":"Auto Detect","psDevice":"Auto Detect"},"resetAPU":false,"bitstreamFile":"C:\\Users\\MahmoudHc\\Desktop\\ptech\\Projet\\project_1\\project_1.runs\\impl_1\\design_2_wrapper.bit","zynqInitialization":{"isFsbl":false,"usingFSBL":{"initWithFSBL":true,"fsblFile":"${workspaceFolder}\\platform3\\export\\platform3\\sw\\boot\\fsbl.elf","fsblExitSymbol":"FsblHandoffJtagExit"},"usingPs7Init":{"runPs7Init":false,"runPs7PostInit":false,"ps7InitTclFile":""}},"downloadElf":[{"core":"microblaze_riscv_0","resetProcessor":true,"elfFile":"${workspaceFolder}\\peripheral_tests\\build\\peripheral_tests.elf","stopAtEntry":false,"isSelfRelocatingApp":false,"relativeAddress":""}],"crossTriggerBreakpoints":{"isSelected":false,"breakpoints":[]}},"internalConsoleOptions":"openOnSessionStart","__configUri":"file:///c%3A/Users/MahmoudHc/Desktop/ptech/Projet/project_1/peripheral_tests/_ide/launch.json"} 
2026-01-22 08:24:55 [info] : [Debug Manager] Disabling breakpoints in the tool to enable run mode for 'peripheral_tests_app_hw_1 [peripheral_tests]'. 
2026-01-22 08:24:56 [info] : [Debug Manager] Launch session has started on the configuration 'peripheral_tests_app_hw_1 [peripheral_tests]' 
2026-01-22 08:26:30 [info] : [Platform Server] Generate platform output stream finished - platform3. 
2026-01-22 08:26:34 [info] : [Build Server] Build output stream finished - lenet::. 
2026-01-22 08:27:02 [info] : [Platform Server] Generate platform output stream finished - platform3. 
2026-01-22 08:27:04 [info] : [Build Server] Build output stream finished - lenet::. 
2026-01-22 08:39:44 [info] : [Platform Server] Generate platform output stream finished - platform3. 
2026-01-22 08:39:48 [info] : [Build Server] Build output stream finished - lenet::. 
2026-01-22 08:40:29 [info] : [Platform Server] Generate platform output stream finished - platform3. 
2026-01-22 08:40:32 [info] : [Build Server] Build output stream finished - lenet::. 
2026-01-22 08:41:11 [info] : [Platform Server] Generate platform output stream finished - platform3. 
2026-01-22 08:41:14 [info] : [Build Server] Build output stream finished - lenet::. 
2026-01-22 08:44:18 [info] : [Platform Server] Generate platform output stream finished - platform3. 
2026-01-22 08:44:21 [info] : [Build Server] Build output stream finished - lenet::. 
2026-01-22 08:44:33 [info] : [Platform Server] Generate platform output stream finished - platform3. 
2026-01-22 08:44:35 [info] : [Build Server] Build output stream finished - lenet::. 
2026-01-22 08:46:37 [info] : [Platform Server] Generate platform output stream finished - platform3. 
2026-01-22 08:46:39 [info] : [Build Server] Build output stream finished - lenet::. 
2026-01-22 08:47:19 [info] : [Platform Server] Generate platform output stream finished - platform3. 
2026-01-22 08:47:21 [info] : [Build Server] Build output stream finished - lenet::. 
2026-01-22 08:47:29 [info] : [Platform Server] Generate platform output stream finished - platform3. 
2026-01-22 08:47:31 [info] : [Build Server] Build output stream finished - lenet::. 
2026-01-22 08:49:07 [info] : [Platform Server] Updating design_2_wrapper XSA for platform3 platform output stream finished - platform3. 
2026-01-22 08:49:27 [info] : [Platform Server] Generate platform output stream finished - platform3. 
2026-01-22 08:51:59 [info] : [Platform Server] Generate platform output stream finished - platform3. 
2026-01-22 08:52:02 [info] : [Build Server] Build output stream finished - lenet::. 
2026-01-22 08:52:08 [info] : [Platform Server] Generate platform output stream finished - platform3. 
2026-01-22 08:52:10 [info] : [Build Server] Build output stream finished - lenet::. 
2026-01-22 08:54:43 [info] : [Build Server] Clean output stream finished - lenet::. 
2026-01-22 08:55:03 [info] : [Platform Server] Generate platform output stream finished - platform3. 
2026-01-22 08:55:06 [info] : [Build Server] Build output stream finished - lenet::. 
2026-01-22 09:01:10 [info] : [Platform Server] Generate platform output stream finished - platform3. 
2026-01-22 09:01:13 [info] : [Build Server] Build output stream finished - lenet::. 
2026-01-22 09:03:25 [info] : [Debug Manager] Successfully verified the target connection used  Local 
2026-01-22 09:03:25 [info] : [Debug Manager] Starting launch in 'run' mode using configuration: {"type":"tcf-debug","request":"launch","name":"lenet_app_hw_1","debugType":"baremetal-zynq","attachToRunningTargetOptions":{"targetSetupMode":"standalone","executeScript":true,"scriptPath":""},"autoAttachProcessChildren":false,"target":{"targetConnectionId":"Local","peersIniPath":"../../_ide/.peers.ini","context":"zynq"},"pathMap":[],"targetSetup":{"resetSystem":true,"programDevice":true,"partialBitstream":false,"skipRevisionCheck":false,"device":{"plDevice":"Auto Detect","psDevice":"Auto Detect"},"resetAPU":false,"bitstreamFile":"${workspaceFolder}\\lenet\\_ide\\bitstream\\design_2_wrapper.bit","zynqInitialization":{"isFsbl":false,"usingFSBL":{"initWithFSBL":true,"fsblFile":"${workspaceFolder}\\platform3\\export\\platform3\\sw\\boot\\fsbl.elf","fsblExitSymbol":"FsblHandoffJtagExit"},"usingPs7Init":{"runPs7Init":false,"runPs7PostInit":false,"ps7InitTclFile":""}},"downloadElf":[{"core":"microblaze_riscv_0","resetProcessor":true,"elfFile":"${workspaceFolder}\\lenet\\build\\lenet.elf","stopAtEntry":false,"isSelfRelocatingApp":false,"relativeAddress":""}],"crossTriggerBreakpoints":{"isSelected":false,"breakpoints":[]}},"internalConsoleOptions":"openOnSessionStart","__configUri":"file:///c%3A/Users/MahmoudHc/Desktop/ptech/Projet/project_1/lenet/_ide/launch.json"} 
2026-01-22 09:03:26 [info] : [Debug Manager] Disabling breakpoints in the tool to enable run mode for 'lenet_app_hw_1 [lenet]'. 
2026-01-22 09:03:26 [info] : [Debug Manager] Launch session has started on the configuration 'lenet_app_hw_1 [lenet]' 
2026-01-22 09:13:20 [info] : [Platform Server] Generate platform output stream finished - platform3. 
2026-01-22 09:13:22 [info] : [Build Server] Build output stream finished - lenet::. 
2026-01-22 09:14:01 [info] : [Platform Server] Generate platform output stream finished - platform3. 
2026-01-22 09:14:03 [info] : [Build Server] Build output stream finished - lenet::. 
2026-01-22 09:14:31 [info] : [Platform Server] Generate platform output stream finished - platform3. 
2026-01-22 09:14:33 [info] : [Build Server] Build output stream finished - lenet::. 
2026-01-22 09:15:20 [info] : [Build Server] Clean output stream finished - lenet::. 
2026-01-22 09:15:24 [info] : [Platform Server] Generate platform output stream finished - platform3. 
2026-01-22 09:15:26 [info] : [Build Server] Build output stream finished - lenet::. 
2026-01-22 09:19:58 [info] : [Platform Server] Generate platform output stream finished - platform3. 
2026-01-22 09:20:01 [info] : [Build Server] Build output stream finished - lenet::. 
2026-01-22 09:20:21 [info] : [Debug Manager] Successfully verified the target connection used  Local 
2026-01-22 09:20:21 [info] : [Debug Manager] Starting launch in 'run' mode using configuration: {"type":"tcf-debug","request":"launch","name":"lenet_app_hw_1","debugType":"baremetal-zynq","attachToRunningTargetOptions":{"targetSetupMode":"standalone","executeScript":true,"scriptPath":""},"autoAttachProcessChildren":false,"target":{"targetConnectionId":"Local","peersIniPath":"../../_ide/.peers.ini","context":"zynq"},"pathMap":[],"targetSetup":{"resetSystem":true,"programDevice":true,"partialBitstream":false,"skipRevisionCheck":false,"device":{"plDevice":"Auto Detect","psDevice":"Auto Detect"},"resetAPU":false,"bitstreamFile":"${workspaceFolder}\\lenet\\_ide\\bitstream\\design_2_wrapper.bit","zynqInitialization":{"isFsbl":false,"usingFSBL":{"initWithFSBL":true,"fsblFile":"${workspaceFolder}\\platform3\\export\\platform3\\sw\\boot\\fsbl.elf","fsblExitSymbol":"FsblHandoffJtagExit"},"usingPs7Init":{"runPs7Init":false,"runPs7PostInit":false,"ps7InitTclFile":""}},"downloadElf":[{"core":"microblaze_riscv_0","resetProcessor":true,"elfFile":"${workspaceFolder}\\lenet\\build\\lenet.elf","stopAtEntry":false,"isSelfRelocatingApp":false,"relativeAddress":""}],"crossTriggerBreakpoints":{"isSelected":false,"breakpoints":[]}},"internalConsoleOptions":"openOnSessionStart","__configUri":"file:///c%3A/Users/MahmoudHc/Desktop/ptech/Projet/project_1/lenet/_ide/launch.json"} 
2026-01-22 09:21:18 [info] : [Platform Server] Generate platform output stream finished - platform3. 
2026-01-22 09:21:21 [info] : [Build Server] Build output stream finished - lenet::. 
2026-01-22 09:21:36 [info] : [Debug Manager] Successfully verified the target connection used  Local 
2026-01-22 09:21:36 [info] : [Debug Manager] Starting launch in 'run' mode using configuration: {"type":"tcf-debug","request":"launch","name":"lenet_app_hw_1","debugType":"baremetal-zynq","attachToRunningTargetOptions":{"targetSetupMode":"standalone","executeScript":true,"scriptPath":""},"autoAttachProcessChildren":false,"target":{"targetConnectionId":"Local","peersIniPath":"../../_ide/.peers.ini","context":"zynq"},"pathMap":[],"targetSetup":{"resetSystem":true,"programDevice":true,"partialBitstream":false,"skipRevisionCheck":false,"device":{"plDevice":"Auto Detect","psDevice":"Auto Detect"},"resetAPU":false,"bitstreamFile":"${workspaceFolder}\\lenet\\_ide\\bitstream\\design_2_wrapper.bit","zynqInitialization":{"isFsbl":false,"usingFSBL":{"initWithFSBL":true,"fsblFile":"${workspaceFolder}\\platform3\\export\\platform3\\sw\\boot\\fsbl.elf","fsblExitSymbol":"FsblHandoffJtagExit"},"usingPs7Init":{"runPs7Init":false,"runPs7PostInit":false,"ps7InitTclFile":""}},"downloadElf":[{"core":"microblaze_riscv_0","resetProcessor":true,"elfFile":"${workspaceFolder}\\lenet\\build\\lenet.elf","stopAtEntry":false,"isSelfRelocatingApp":false,"relativeAddress":""}],"crossTriggerBreakpoints":{"isSelected":false,"breakpoints":[]}},"internalConsoleOptions":"openOnSessionStart","__configUri":"file:///c%3A/Users/MahmoudHc/Desktop/ptech/Projet/project_1/lenet/_ide/launch.json"} 
2026-01-22 09:22:10 [info] : [Platform Server] Generate platform output stream finished - platform3. 
2026-01-22 09:22:12 [info] : [Build Server] Build output stream finished - lenet::. 
2026-01-22 09:22:39 [info] : [Debug Manager] Successfully verified the target connection used  Local 
2026-01-22 09:22:39 [info] : [Debug Manager] Starting launch in 'run' mode using configuration: {"type":"tcf-debug","request":"launch","name":"lenet_app_hw_1","debugType":"baremetal-zynq","attachToRunningTargetOptions":{"targetSetupMode":"standalone","executeScript":true,"scriptPath":""},"autoAttachProcessChildren":false,"target":{"targetConnectionId":"Local","peersIniPath":"../../_ide/.peers.ini","context":"zynq"},"pathMap":[],"targetSetup":{"resetSystem":true,"programDevice":true,"partialBitstream":false,"skipRevisionCheck":false,"device":{"plDevice":"Auto Detect","psDevice":"Auto Detect"},"resetAPU":false,"bitstreamFile":"${workspaceFolder}\\lenet\\_ide\\bitstream\\design_2_wrapper.bit","zynqInitialization":{"isFsbl":false,"usingFSBL":{"initWithFSBL":true,"fsblFile":"${workspaceFolder}\\platform3\\export\\platform3\\sw\\boot\\fsbl.elf","fsblExitSymbol":"FsblHandoffJtagExit"},"usingPs7Init":{"runPs7Init":false,"runPs7PostInit":false,"ps7InitTclFile":""}},"downloadElf":[{"core":"microblaze_riscv_0","resetProcessor":true,"elfFile":"${workspaceFolder}\\lenet\\build\\lenet.elf","stopAtEntry":false,"isSelfRelocatingApp":false,"relativeAddress":""}],"crossTriggerBreakpoints":{"isSelected":false,"breakpoints":[]}},"internalConsoleOptions":"openOnSessionStart","__configUri":"file:///c%3A/Users/MahmoudHc/Desktop/ptech/Projet/project_1/lenet/_ide/launch.json"} 
2026-01-22 09:24:18 [info] : [Platform Server] Generate platform output stream finished - platform3. 
2026-01-22 09:24:21 [info] : [Build Server] Build output stream finished - lenet::. 
2026-01-22 09:24:35 [info] : [Debug Manager] Successfully verified the target connection used  Local 
2026-01-22 09:24:36 [info] : [Debug Manager] Starting launch in 'run' mode using configuration: {"type":"tcf-debug","request":"launch","name":"lenet_app_hw_1","debugType":"baremetal-zynq","attachToRunningTargetOptions":{"targetSetupMode":"standalone","executeScript":true,"scriptPath":""},"autoAttachProcessChildren":false,"target":{"targetConnectionId":"Local","peersIniPath":"../../_ide/.peers.ini","context":"zynq"},"pathMap":[],"targetSetup":{"resetSystem":true,"programDevice":true,"partialBitstream":false,"skipRevisionCheck":false,"device":{"plDevice":"Auto Detect","psDevice":"Auto Detect"},"resetAPU":false,"bitstreamFile":"${workspaceFolder}\\lenet\\_ide\\bitstream\\design_2_wrapper.bit","zynqInitialization":{"isFsbl":false,"usingFSBL":{"initWithFSBL":true,"fsblFile":"${workspaceFolder}\\platform3\\export\\platform3\\sw\\boot\\fsbl.elf","fsblExitSymbol":"FsblHandoffJtagExit"},"usingPs7Init":{"runPs7Init":false,"runPs7PostInit":false,"ps7InitTclFile":""}},"downloadElf":[{"core":"microblaze_riscv_0","resetProcessor":true,"elfFile":"${workspaceFolder}\\lenet\\build\\lenet.elf","stopAtEntry":false,"isSelfRelocatingApp":false,"relativeAddress":""}],"crossTriggerBreakpoints":{"isSelected":false,"breakpoints":[]}},"internalConsoleOptions":"openOnSessionStart","__configUri":"file:///c%3A/Users/MahmoudHc/Desktop/ptech/Projet/project_1/lenet/_ide/launch.json"} 
2026-01-22 09:25:01 [info] : [Platform Server] Generate platform output stream finished - platform3. 
2026-01-22 09:25:03 [info] : [Build Server] Build output stream finished - lenet::. 
2026-01-22 09:25:19 [info] : [Platform Server] Generate platform output stream finished - platform3. 
2026-01-22 09:25:21 [info] : [Build Server] Build output stream finished - lenet::. 
2026-01-22 09:25:50 [info] : [Platform Server] Generate platform output stream finished - platform3. 
2026-01-22 09:25:52 [info] : [Build Server] Build output stream finished - lenet::. 
2026-01-22 09:26:14 [info] : [Debug Manager] Successfully verified the target connection used  Local 
2026-01-22 09:26:14 [info] : [Debug Manager] Starting launch in 'run' mode using configuration: {"type":"tcf-debug","request":"launch","name":"lenet_app_hw_1","debugType":"baremetal-zynq","attachToRunningTargetOptions":{"targetSetupMode":"standalone","executeScript":true,"scriptPath":""},"autoAttachProcessChildren":false,"target":{"targetConnectionId":"Local","peersIniPath":"../../_ide/.peers.ini","context":"zynq"},"pathMap":[],"targetSetup":{"resetSystem":true,"programDevice":true,"partialBitstream":false,"skipRevisionCheck":false,"device":{"plDevice":"Auto Detect","psDevice":"Auto Detect"},"resetAPU":false,"bitstreamFile":"${workspaceFolder}\\lenet\\_ide\\bitstream\\design_2_wrapper.bit","zynqInitialization":{"isFsbl":false,"usingFSBL":{"initWithFSBL":true,"fsblFile":"${workspaceFolder}\\platform3\\export\\platform3\\sw\\boot\\fsbl.elf","fsblExitSymbol":"FsblHandoffJtagExit"},"usingPs7Init":{"runPs7Init":false,"runPs7PostInit":false,"ps7InitTclFile":""}},"downloadElf":[{"core":"microblaze_riscv_0","resetProcessor":true,"elfFile":"${workspaceFolder}\\lenet\\build\\lenet.elf","stopAtEntry":false,"isSelfRelocatingApp":false,"relativeAddress":""}],"crossTriggerBreakpoints":{"isSelected":false,"breakpoints":[]}},"internalConsoleOptions":"openOnSessionStart","__configUri":"file:///c%3A/Users/MahmoudHc/Desktop/ptech/Projet/project_1/lenet/_ide/launch.json"} 
2026-01-22 09:26:38 [info] : [Platform Server] Generate platform output stream finished - platform3. 
2026-01-22 09:26:41 [info] : [Build Server] Build output stream finished - lenet::. 
2026-01-22 09:27:55 [info] : [Platform Server] Updating design_2_wrapper XSA for platform3 platform output stream finished - platform3. 
2026-01-22 09:28:22 [info] : [Platform Server] Generate platform output stream finished - platform3. 
2026-01-22 09:30:50 [info] : [Debug Manager] Successfully verified the target connection used  Local 
2026-01-22 09:30:50 [info] : [Debug Manager] Starting launch in 'debug' mode using configuration: {"type":"tcf-debug","request":"launch","name":"lenet_app_hw_1","debugType":"baremetal-zynq","attachToRunningTargetOptions":{"targetSetupMode":"standalone","executeScript":true,"scriptPath":""},"autoAttachProcessChildren":false,"target":{"targetConnectionId":"Local","peersIniPath":"../../_ide/.peers.ini","context":"zynq"},"pathMap":[],"targetSetup":{"resetSystem":true,"programDevice":true,"partialBitstream":false,"skipRevisionCheck":false,"device":{"plDevice":"Auto Detect","psDevice":"Auto Detect"},"resetAPU":false,"bitstreamFile":"${workspaceFolder}\\lenet\\_ide\\bitstream\\design_2_wrapper.bit","zynqInitialization":{"isFsbl":false,"usingFSBL":{"initWithFSBL":true,"fsblFile":"${workspaceFolder}\\platform3\\export\\platform3\\sw\\boot\\fsbl.elf","fsblExitSymbol":"FsblHandoffJtagExit"},"usingPs7Init":{"runPs7Init":false,"runPs7PostInit":false,"ps7InitTclFile":""}},"downloadElf":[{"core":"microblaze_riscv_0","resetProcessor":true,"elfFile":"${workspaceFolder}\\lenet\\build\\lenet.elf","stopAtEntry":false,"isSelfRelocatingApp":false,"relativeAddress":""}],"crossTriggerBreakpoints":{"isSelected":false,"breakpoints":[]}},"internalConsoleOptions":"openOnSessionStart","__configUri":"file:///c%3A/Users/MahmoudHc/Desktop/ptech/Projet/project_1/lenet/_ide/launch.json"} 
2026-01-22 09:31:11 [info] : [Debug Manager] Successfully verified the target connection used  Local 
2026-01-22 09:31:11 [info] : [Debug Manager] Starting launch in 'run' mode using configuration: {"type":"tcf-debug","request":"launch","name":"lenet_app_hw_1","debugType":"baremetal-zynq","attachToRunningTargetOptions":{"targetSetupMode":"standalone","executeScript":true,"scriptPath":""},"autoAttachProcessChildren":false,"target":{"targetConnectionId":"Local","peersIniPath":"../../_ide/.peers.ini","context":"zynq"},"pathMap":[],"targetSetup":{"resetSystem":true,"programDevice":true,"partialBitstream":false,"skipRevisionCheck":false,"device":{"plDevice":"Auto Detect","psDevice":"Auto Detect"},"resetAPU":false,"bitstreamFile":"${workspaceFolder}\\lenet\\_ide\\bitstream\\design_2_wrapper.bit","zynqInitialization":{"isFsbl":false,"usingFSBL":{"initWithFSBL":true,"fsblFile":"${workspaceFolder}\\platform3\\export\\platform3\\sw\\boot\\fsbl.elf","fsblExitSymbol":"FsblHandoffJtagExit"},"usingPs7Init":{"runPs7Init":false,"runPs7PostInit":false,"ps7InitTclFile":""}},"downloadElf":[{"core":"microblaze_riscv_0","resetProcessor":true,"elfFile":"${workspaceFolder}\\lenet\\build\\lenet.elf","stopAtEntry":false,"isSelfRelocatingApp":false,"relativeAddress":""}],"crossTriggerBreakpoints":{"isSelected":false,"breakpoints":[]}},"internalConsoleOptions":"openOnSessionStart","__configUri":"file:///c%3A/Users/MahmoudHc/Desktop/ptech/Projet/project_1/lenet/_ide/launch.json"} 
2026-01-22 09:31:27 [info] : [Debug Manager] Successfully verified the target connection used  Local 
2026-01-22 09:31:27 [info] : [Debug Manager] Starting launch in 'debug' mode using configuration: {"type":"tcf-debug","request":"launch","name":"lenet_app_hw_1","debugType":"baremetal-zynq","attachToRunningTargetOptions":{"targetSetupMode":"standalone","executeScript":true,"scriptPath":""},"autoAttachProcessChildren":false,"target":{"targetConnectionId":"Local","peersIniPath":"../../_ide/.peers.ini","context":"zynq"},"pathMap":[],"targetSetup":{"resetSystem":true,"programDevice":true,"partialBitstream":false,"skipRevisionCheck":false,"device":{"plDevice":"Auto Detect","psDevice":"Auto Detect"},"resetAPU":false,"bitstreamFile":"${workspaceFolder}\\lenet\\_ide\\bitstream\\design_2_wrapper.bit","zynqInitialization":{"isFsbl":false,"usingFSBL":{"initWithFSBL":true,"fsblFile":"${workspaceFolder}\\platform3\\export\\platform3\\sw\\boot\\fsbl.elf","fsblExitSymbol":"FsblHandoffJtagExit"},"usingPs7Init":{"runPs7Init":false,"runPs7PostInit":false,"ps7InitTclFile":""}},"downloadElf":[{"core":"microblaze_riscv_0","resetProcessor":true,"elfFile":"${workspaceFolder}\\lenet\\build\\lenet.elf","stopAtEntry":false,"isSelfRelocatingApp":false,"relativeAddress":""}],"crossTriggerBreakpoints":{"isSelected":false,"breakpoints":[]}},"internalConsoleOptions":"openOnSessionStart","__configUri":"file:///c%3A/Users/MahmoudHc/Desktop/ptech/Projet/project_1/lenet/_ide/launch.json"} 
2026-01-22 09:37:55 [info] : [Debug Manager] Launch session has terminated on the configuration 'lenet_app_hw_1 [lenet]' 
2026-01-22 09:37:55 [info] : [Debug Manager] Enabling breakpoints after running the application using 'lenet_app_hw_1 [lenet]'. 
2026-01-22 09:38:19 [info] : [Debug Manager] Successfully verified the target connection used  Local 
2026-01-22 09:38:19 [info] : [Debug Manager] Starting launch in 'debug' mode using configuration: {"type":"tcf-debug","request":"launch","name":"lenet_app_hw_1","debugType":"baremetal-zynq","attachToRunningTargetOptions":{"targetSetupMode":"standalone","executeScript":true,"scriptPath":""},"autoAttachProcessChildren":false,"target":{"targetConnectionId":"Local","peersIniPath":"../../_ide/.peers.ini","context":"zynq"},"pathMap":[],"targetSetup":{"resetSystem":true,"programDevice":true,"partialBitstream":false,"skipRevisionCheck":false,"device":{"plDevice":"Auto Detect","psDevice":"Auto Detect"},"resetAPU":false,"bitstreamFile":"${workspaceFolder}\\lenet\\_ide\\bitstream\\design_2_wrapper.bit","zynqInitialization":{"isFsbl":false,"usingFSBL":{"initWithFSBL":true,"fsblFile":"${workspaceFolder}\\platform3\\export\\platform3\\sw\\boot\\fsbl.elf","fsblExitSymbol":"FsblHandoffJtagExit"},"usingPs7Init":{"runPs7Init":false,"runPs7PostInit":false,"ps7InitTclFile":""}},"downloadElf":[{"core":"microblaze_riscv_0","resetProcessor":true,"elfFile":"${workspaceFolder}\\lenet\\build\\lenet.elf","stopAtEntry":false,"isSelfRelocatingApp":false,"relativeAddress":""}],"crossTriggerBreakpoints":{"isSelected":false,"breakpoints":[]}},"internalConsoleOptions":"openOnSessionStart","__configUri":"file:///c%3A/Users/MahmoudHc/Desktop/ptech/Projet/project_1/lenet/_ide/launch.json"} 
2026-01-22 09:38:19 [info] : [Debug Manager] Added breakpoint:main 
2026-01-22 09:38:19 [info] : [Debug Manager] Added breakpoint:_exit 
2026-01-22 09:38:20 [info] : [Debug Manager] Launch session has started on the configuration 'lenet_app_hw_1 [lenet]' 
2026-01-22 09:41:35 [info] : [Debug Manager] Removed breakpoint: main 
2026-01-22 09:41:35 [info] : [Debug Manager] Removed breakpoint: _exit 
2026-01-22 09:41:35 [info] : [Debug Manager] Launch session has terminated on the configuration 'lenet_app_hw_1 [lenet]' 
