
*** Running vivado
    with args -log design_2_wrapper.vds -m64 -product Vivado -mode batch -messageDb vivado.pb -notrace -source design_2_wrapper.tcl



****** Vivado v2025.2 (64-bit)
  **** SW Build 6299465 on Fri Nov 14 19:35:11 GMT 2025
  **** IP Build 6300035 on Fri Nov 14 10:48:45 MST 2025
  **** SharedData Build 6298862 on Thu Nov 13 04:50:51 MST 2025
  **** Start of session at: Thu Jan 22 09:14:12 2026
    ** Copyright 1986-2022 Xilinx, Inc. All Rights Reserved.
    ** Copyright 2022-2025 Advanced Micro Devices, Inc. All Rights Reserved.

source design_2_wrapper.tcl -notrace
create_project: Time (s): cpu = 00:00:13 ; elapsed = 00:00:08 . Memory (MB): peak = 704.965 ; gain = 333.281
INFO: [IP_Flow 19-234] Refreshing IP repositories
INFO: [IP_Flow 19-1704] No user IP repositories specified
INFO: [IP_Flow 19-2313] Loaded Vivado IP repository 'C:/AMDDesignTools/2025.2/Vivado/data/ip'.
INFO: [Project 1-5698] Found the below utility IPs instantiated in block design C:/Users/MahmoudHc/Desktop/ptech/Projet/project_1/project_1.srcs/sources_1/bd/design_2/design_2.bd which have equivalent inline hdl with improved performance and reduced diskspace.
It is recommended to migrate these utility IPs to inline hdl  using the command upgrade_project -migrate_to_inline_hdl.  The utility IPs may be deprecated in future releases.
More information on inline hdl is available in UG994.
Utility IP Component Instances:
 design_2_microblaze_riscv_0_xlconcat_1
add_files: Time (s): cpu = 00:00:08 ; elapsed = 00:00:09 . Memory (MB): peak = 796.363 ; gain = 91.398
Command: read_checkpoint -auto_incremental -incremental C:/Users/MahmoudHc/Desktop/ptech/Projet/project_1/project_1.srcs/utils_1/imports/synth_1/design_1_wrapper.dcp
INFO: [Vivado 12-5825] Read reference checkpoint from C:/Users/MahmoudHc/Desktop/ptech/Projet/project_1/project_1.srcs/utils_1/imports/synth_1/design_1_wrapper.dcp for incremental synthesis
INFO: [Vivado 12-7989] Please ensure there are no constraint changes
Command: synth_design -top design_2_wrapper -part xc7z020clg484-1
Starting synth_design
Attempting to get a license for feature 'Synthesis' and/or device 'xc7z020'
INFO: [Common 17-349] Got license for feature 'Synthesis' and/or device 'xc7z020'
INFO: [Device 21-403] Loading part xc7z020clg484-1
INFO: [Designutils 20-5440] No compile time benefit to using incremental synthesis; A full resynthesis will be run
INFO: [Designutils 20-4379] Flow is switching to default flow due to incremental criteria not met. If you would like to alter this behaviour and have the flow terminate instead, please set the following parameter config_implementation {autoIncr.Synth.RejectBehavior Terminate}
INFO: [Synth 8-7079] Multithreading enabled for synth_design using a maximum of 2 processes.
INFO: [Synth 8-7078] Launching helper process for spawning children vivado processes
INFO: [Synth 8-7075] Helper process launched with PID 9168
---------------------------------------------------------------------------------
Starting RTL Elaboration : Time (s): cpu = 00:00:08 ; elapsed = 00:00:08 . Memory (MB): peak = 1560.012 ; gain = 541.434
---------------------------------------------------------------------------------
INFO: [Synth 8-638] synthesizing module 'design_2_wrapper' [C:/Users/MahmoudHc/Desktop/ptech/Projet/project_1/project_1.gen/sources_1/bd/design_2/hdl/design_2_wrapper.vhd:23]
INFO: [Synth 8-3491] module 'design_2' declared at 'c:/Users/MahmoudHc/Desktop/ptech/Projet/project_1/project_1.gen/sources_1/bd/design_2/synth/design_2.vhd:1257' bound to instance 'design_2_i' of component 'design_2' [C:/Users/MahmoudHc/Desktop/ptech/Projet/project_1/project_1.gen/sources_1/bd/design_2/hdl/design_2_wrapper.vhd:32]
INFO: [Synth 8-638] synthesizing module 'design_2' [c:/Users/MahmoudHc/Desktop/ptech/Projet/project_1/project_1.gen/sources_1/bd/design_2/synth/design_2.vhd:1269]
INFO: [Synth 8-3491] module 'design_2_axi_gpio_0_1' declared at 'C:/Users/MahmoudHc/Desktop/ptech/Projet/project_1/project_1.runs/synth_1/.Xil/Vivado-18756-DESKTOP-E8CT5SI/realtime/design_2_axi_gpio_0_1_stub.vhdl:6' bound to instance 'axi_gpio_0' of component 'design_2_axi_gpio_0_1' [c:/Users/MahmoudHc/Desktop/ptech/Projet/project_1/project_1.gen/sources_1/bd/design_2/synth/design_2.vhd:1666]
INFO: [Synth 8-638] synthesizing module 'design_2_axi_gpio_0_1' [C:/Users/MahmoudHc/Desktop/ptech/Projet/project_1/project_1.runs/synth_1/.Xil/Vivado-18756-DESKTOP-E8CT5SI/realtime/design_2_axi_gpio_0_1_stub.vhdl:38]
INFO: [Synth 8-3491] module 'design_2_clk_wiz_0_2' declared at 'C:/Users/MahmoudHc/Desktop/ptech/Projet/project_1/project_1.runs/synth_1/.Xil/Vivado-18756-DESKTOP-E8CT5SI/realtime/design_2_clk_wiz_0_2_stub.vhdl:6' bound to instance 'clk_wiz_0' of component 'design_2_clk_wiz_0_2' [c:/Users/MahmoudHc/Desktop/ptech/Projet/project_1/project_1.gen/sources_1/bd/design_2/synth/design_2.vhd:1689]
INFO: [Synth 8-638] synthesizing module 'design_2_clk_wiz_0_2' [C:/Users/MahmoudHc/Desktop/ptech/Projet/project_1/project_1.runs/synth_1/.Xil/Vivado-18756-DESKTOP-E8CT5SI/realtime/design_2_clk_wiz_0_2_stub.vhdl:18]
INFO: [Synth 8-3491] module 'design_2_mdm_1_1' declared at 'C:/Users/MahmoudHc/Desktop/ptech/Projet/project_1/project_1.runs/synth_1/.Xil/Vivado-18756-DESKTOP-E8CT5SI/realtime/design_2_mdm_1_1_stub.vhdl:6' bound to instance 'mdm_1' of component 'design_2_mdm_1_1' [c:/Users/MahmoudHc/Desktop/ptech/Projet/project_1/project_1.gen/sources_1/bd/design_2/synth/design_2.vhd:1696]
INFO: [Synth 8-638] synthesizing module 'design_2_mdm_1_1' [C:/Users/MahmoudHc/Desktop/ptech/Projet/project_1/project_1.runs/synth_1/.Xil/Vivado-18756-DESKTOP-E8CT5SI/realtime/design_2_mdm_1_1_stub.vhdl:28]
INFO: [Synth 8-3491] module 'design_2_microblaze_riscv_0_1' declared at 'C:/Users/MahmoudHc/Desktop/ptech/Projet/project_1/project_1.runs/synth_1/.Xil/Vivado-18756-DESKTOP-E8CT5SI/realtime/design_2_microblaze_riscv_0_1_stub.vhdl:6' bound to instance 'microblaze_riscv_0' of component 'design_2_microblaze_riscv_0_1' [c:/Users/MahmoudHc/Desktop/ptech/Projet/project_1/project_1.gen/sources_1/bd/design_2/synth/design_2.vhd:1709]
INFO: [Synth 8-638] synthesizing module 'design_2_microblaze_riscv_0_1' [C:/Users/MahmoudHc/Desktop/ptech/Projet/project_1/project_1.runs/synth_1/.Xil/Vivado-18756-DESKTOP-E8CT5SI/realtime/design_2_microblaze_riscv_0_1_stub.vhdl:74]
INFO: [Synth 8-3491] module 'design_2_microblaze_riscv_0_axi_intc_1' declared at 'C:/Users/MahmoudHc/Desktop/ptech/Projet/project_1/project_1.runs/synth_1/.Xil/Vivado-18756-DESKTOP-E8CT5SI/realtime/design_2_microblaze_riscv_0_axi_intc_1_stub.vhdl:6' bound to instance 'microblaze_riscv_0_axi_intc' of component 'design_2_microblaze_riscv_0_axi_intc_1' [c:/Users/MahmoudHc/Desktop/ptech/Projet/project_1/project_1.gen/sources_1/bd/design_2/synth/design_2.vhd:1799]
INFO: [Synth 8-638] synthesizing module 'design_2_microblaze_riscv_0_axi_intc_1' [C:/Users/MahmoudHc/Desktop/ptech/Projet/project_1/project_1.runs/synth_1/.Xil/Vivado-18756-DESKTOP-E8CT5SI/realtime/design_2_microblaze_riscv_0_axi_intc_1_stub.vhdl:43]
INFO: [Synth 8-638] synthesizing module 'design_2_microblaze_riscv_0_axi_periph_1' [c:/Users/MahmoudHc/Desktop/ptech/Projet/project_1/project_1.gen/sources_1/bd/design_2/synth/design_2.vhd:956]
INFO: [Synth 8-638] synthesizing module 'm00_couplers_imp_1QM4NUN' [c:/Users/MahmoudHc/Desktop/ptech/Projet/project_1/project_1.gen/sources_1/bd/design_2/synth/design_2.vhd:58]
INFO: [Synth 8-256] done synthesizing module 'm00_couplers_imp_1QM4NUN' (0#1) [c:/Users/MahmoudHc/Desktop/ptech/Projet/project_1/project_1.gen/sources_1/bd/design_2/synth/design_2.vhd:58]
INFO: [Synth 8-638] synthesizing module 'm01_couplers_imp_45J90E' [c:/Users/MahmoudHc/Desktop/ptech/Projet/project_1/project_1.gen/sources_1/bd/design_2/synth/design_2.vhd:163]
INFO: [Synth 8-256] done synthesizing module 'm01_couplers_imp_45J90E' (0#1) [c:/Users/MahmoudHc/Desktop/ptech/Projet/project_1/project_1.gen/sources_1/bd/design_2/synth/design_2.vhd:163]
INFO: [Synth 8-638] synthesizing module 's00_couplers_imp_6TIHVH' [c:/Users/MahmoudHc/Desktop/ptech/Projet/project_1/project_1.gen/sources_1/bd/design_2/synth/design_2.vhd:824]
INFO: [Synth 8-256] done synthesizing module 's00_couplers_imp_6TIHVH' (0#1) [c:/Users/MahmoudHc/Desktop/ptech/Projet/project_1/project_1.gen/sources_1/bd/design_2/synth/design_2.vhd:824]
INFO: [Synth 8-3491] module 'design_2_microblaze_riscv_0_axi_periph_upgraded_ipi_imp_xbar_0' declared at 'C:/Users/MahmoudHc/Desktop/ptech/Projet/project_1/project_1.runs/synth_1/.Xil/Vivado-18756-DESKTOP-E8CT5SI/realtime/design_2_microblaze_riscv_0_axi_periph_upgraded_ipi_imp_xbar_0_stub.vhdl:6' bound to instance 'xbar' of component 'design_2_microblaze_riscv_0_axi_periph_upgraded_ipi_imp_xbar_0' [c:/Users/MahmoudHc/Desktop/ptech/Projet/project_1/project_1.gen/sources_1/bd/design_2/synth/design_2.vhd:1190]
INFO: [Synth 8-638] synthesizing module 'design_2_microblaze_riscv_0_axi_periph_upgraded_ipi_imp_xbar_0' [C:/Users/MahmoudHc/Desktop/ptech/Projet/project_1/project_1.runs/synth_1/.Xil/Vivado-18756-DESKTOP-E8CT5SI/realtime/design_2_microblaze_riscv_0_axi_periph_upgraded_ipi_imp_xbar_0_stub.vhdl:58]
INFO: [Synth 8-256] done synthesizing module 'design_2_microblaze_riscv_0_axi_periph_1' (0#1) [c:/Users/MahmoudHc/Desktop/ptech/Projet/project_1/project_1.gen/sources_1/bd/design_2/synth/design_2.vhd:956]
INFO: [Synth 8-638] synthesizing module 'microblaze_riscv_0_local_memory_imp_WA5FQ1' [c:/Users/MahmoudHc/Desktop/ptech/Projet/project_1/project_1.gen/sources_1/bd/design_2/synth/design_2.vhd:253]
INFO: [Synth 8-3491] module 'design_2_dlmb_bram_if_cntlr_1' declared at 'C:/Users/MahmoudHc/Desktop/ptech/Projet/project_1/project_1.runs/synth_1/.Xil/Vivado-18756-DESKTOP-E8CT5SI/realtime/design_2_dlmb_bram_if_cntlr_1_stub.vhdl:6' bound to instance 'dlmb_bram_if_cntlr' of component 'design_2_dlmb_bram_if_cntlr_1' [c:/Users/MahmoudHc/Desktop/ptech/Projet/project_1/project_1.gen/sources_1/bd/design_2/synth/design_2.vhd:459]
INFO: [Synth 8-638] synthesizing module 'design_2_dlmb_bram_if_cntlr_1' [C:/Users/MahmoudHc/Desktop/ptech/Projet/project_1/project_1.runs/synth_1/.Xil/Vivado-18756-DESKTOP-E8CT5SI/realtime/design_2_dlmb_bram_if_cntlr_1_stub.vhdl:38]
INFO: [Synth 8-3491] module 'design_2_dlmb_v10_1' declared at 'C:/Users/MahmoudHc/Desktop/ptech/Projet/project_1/project_1.runs/synth_1/.Xil/Vivado-18756-DESKTOP-E8CT5SI/realtime/design_2_dlmb_v10_1_stub.vhdl:6' bound to instance 'dlmb_v10' of component 'design_2_dlmb_v10_1' [c:/Users/MahmoudHc/Desktop/ptech/Projet/project_1/project_1.gen/sources_1/bd/design_2/synth/design_2.vhd:513]
INFO: [Synth 8-638] synthesizing module 'design_2_dlmb_v10_1' [C:/Users/MahmoudHc/Desktop/ptech/Projet/project_1/project_1.runs/synth_1/.Xil/Vivado-18756-DESKTOP-E8CT5SI/realtime/design_2_dlmb_v10_1_stub.vhdl:43]
INFO: [Synth 8-3491] module 'design_2_ilmb_bram_if_cntlr_1' declared at 'C:/Users/MahmoudHc/Desktop/ptech/Projet/project_1/project_1.runs/synth_1/.Xil/Vivado-18756-DESKTOP-E8CT5SI/realtime/design_2_ilmb_bram_if_cntlr_1_stub.vhdl:6' bound to instance 'ilmb_bram_if_cntlr' of component 'design_2_ilmb_bram_if_cntlr_1' [c:/Users/MahmoudHc/Desktop/ptech/Projet/project_1/project_1.gen/sources_1/bd/design_2/synth/design_2.vhd:541]
INFO: [Synth 8-638] synthesizing module 'design_2_ilmb_bram_if_cntlr_1' [C:/Users/MahmoudHc/Desktop/ptech/Projet/project_1/project_1.runs/synth_1/.Xil/Vivado-18756-DESKTOP-E8CT5SI/realtime/design_2_ilmb_bram_if_cntlr_1_stub.vhdl:38]
INFO: [Synth 8-3491] module 'design_2_ilmb_v10_1' declared at 'C:/Users/MahmoudHc/Desktop/ptech/Projet/project_1/project_1.runs/synth_1/.Xil/Vivado-18756-DESKTOP-E8CT5SI/realtime/design_2_ilmb_v10_1_stub.vhdl:6' bound to instance 'ilmb_v10' of component 'design_2_ilmb_v10_1' [c:/Users/MahmoudHc/Desktop/ptech/Projet/project_1/project_1.gen/sources_1/bd/design_2/synth/design_2.vhd:595]
INFO: [Synth 8-638] synthesizing module 'design_2_ilmb_v10_1' [C:/Users/MahmoudHc/Desktop/ptech/Projet/project_1/project_1.runs/synth_1/.Xil/Vivado-18756-DESKTOP-E8CT5SI/realtime/design_2_ilmb_v10_1_stub.vhdl:43]
INFO: [Synth 8-3491] module 'design_2_lmb_bram_1' declared at 'C:/Users/MahmoudHc/Desktop/ptech/Projet/project_1/project_1.runs/synth_1/.Xil/Vivado-18756-DESKTOP-E8CT5SI/realtime/design_2_lmb_bram_1_stub.vhdl:6' bound to instance 'lmb_bram' of component 'design_2_lmb_bram_1' [c:/Users/MahmoudHc/Desktop/ptech/Projet/project_1/project_1.gen/sources_1/bd/design_2/synth/design_2.vhd:623]
INFO: [Synth 8-638] synthesizing module 'design_2_lmb_bram_1' [C:/Users/MahmoudHc/Desktop/ptech/Projet/project_1/project_1.runs/synth_1/.Xil/Vivado-18756-DESKTOP-E8CT5SI/realtime/design_2_lmb_bram_1_stub.vhdl:34]
INFO: [Synth 8-256] done synthesizing module 'microblaze_riscv_0_local_memory_imp_WA5FQ1' (0#1) [c:/Users/MahmoudHc/Desktop/ptech/Projet/project_1/project_1.gen/sources_1/bd/design_2/synth/design_2.vhd:253]
INFO: [Synth 8-3491] module 'design_2_microblaze_riscv_0_xlconcat_1' declared at 'c:/Users/MahmoudHc/Desktop/ptech/Projet/project_1/project_1.gen/sources_1/bd/design_2/ip/design_2_microblaze_riscv_0_xlconcat_1/synth/design_2_microblaze_riscv_0_xlconcat_1.v:53' bound to instance 'microblaze_riscv_0_xlconcat' of component 'design_2_microblaze_riscv_0_xlconcat_1' [c:/Users/MahmoudHc/Desktop/ptech/Projet/project_1/project_1.gen/sources_1/bd/design_2/synth/design_2.vhd:1918]
INFO: [Synth 8-6157] synthesizing module 'design_2_microblaze_riscv_0_xlconcat_1' [c:/Users/MahmoudHc/Desktop/ptech/Projet/project_1/project_1.gen/sources_1/bd/design_2/ip/design_2_microblaze_riscv_0_xlconcat_1/synth/design_2_microblaze_riscv_0_xlconcat_1.v:53]
INFO: [Synth 8-6157] synthesizing module 'xlconcat_v2_1_7_xlconcat' [c:/Users/MahmoudHc/Desktop/ptech/Projet/project_1/project_1.gen/sources_1/bd/design_2/ipshared/9c1a/hdl/xlconcat_v2_1_vl_rfs.v:59]
INFO: [Synth 8-6155] done synthesizing module 'xlconcat_v2_1_7_xlconcat' (0#1) [c:/Users/MahmoudHc/Desktop/ptech/Projet/project_1/project_1.gen/sources_1/bd/design_2/ipshared/9c1a/hdl/xlconcat_v2_1_vl_rfs.v:59]
INFO: [Synth 8-6155] done synthesizing module 'design_2_microblaze_riscv_0_xlconcat_1' (0#1) [c:/Users/MahmoudHc/Desktop/ptech/Projet/project_1/project_1.gen/sources_1/bd/design_2/ip/design_2_microblaze_riscv_0_xlconcat_1/synth/design_2_microblaze_riscv_0_xlconcat_1.v:53]
INFO: [Synth 8-3491] module 'design_2_rst_clk_wiz_1_100M_0' declared at 'C:/Users/MahmoudHc/Desktop/ptech/Projet/project_1/project_1.runs/synth_1/.Xil/Vivado-18756-DESKTOP-E8CT5SI/realtime/design_2_rst_clk_wiz_1_100M_0_stub.vhdl:6' bound to instance 'rst_clk_wiz_1_100M' of component 'design_2_rst_clk_wiz_1_100M_0' [c:/Users/MahmoudHc/Desktop/ptech/Projet/project_1/project_1.gen/sources_1/bd/design_2/synth/design_2.vhd:1924]
INFO: [Synth 8-638] synthesizing module 'design_2_rst_clk_wiz_1_100M_0' [C:/Users/MahmoudHc/Desktop/ptech/Projet/project_1/project_1.runs/synth_1/.Xil/Vivado-18756-DESKTOP-E8CT5SI/realtime/design_2_rst_clk_wiz_1_100M_0_stub.vhdl:28]
INFO: [Synth 8-3491] module 'design_2_system_ila_0_0' declared at 'C:/Users/MahmoudHc/Desktop/ptech/Projet/project_1/project_1.runs/synth_1/.Xil/Vivado-18756-DESKTOP-E8CT5SI/realtime/design_2_system_ila_0_0_stub.vhdl:6' bound to instance 'system_ila_0' of component 'design_2_system_ila_0_0' [c:/Users/MahmoudHc/Desktop/ptech/Projet/project_1/project_1.gen/sources_1/bd/design_2/synth/design_2.vhd:1937]
INFO: [Synth 8-638] synthesizing module 'design_2_system_ila_0_0' [C:/Users/MahmoudHc/Desktop/ptech/Projet/project_1/project_1.runs/synth_1/.Xil/Vivado-18756-DESKTOP-E8CT5SI/realtime/design_2_system_ila_0_0_stub.vhdl:50]
INFO: [Synth 8-256] done synthesizing module 'design_2' (0#1) [c:/Users/MahmoudHc/Desktop/ptech/Projet/project_1/project_1.gen/sources_1/bd/design_2/synth/design_2.vhd:1269]
INFO: [Synth 8-256] done synthesizing module 'design_2_wrapper' (0#1) [C:/Users/MahmoudHc/Desktop/ptech/Projet/project_1/project_1.gen/sources_1/bd/design_2/hdl/design_2_wrapper.vhd:23]
INFO: [Synth 8-6071] Mark debug on the nets applies keep_hierarchy on instance 'microblaze_riscv_0_axi_periph'. This will prevent further optimization [c:/Users/MahmoudHc/Desktop/ptech/Projet/project_1/project_1.gen/sources_1/bd/design_2/synth/design_2.vhd:1828]
INFO: [Synth 8-6071] Mark debug on the nets applies keep_hierarchy on instance 'microblaze_riscv_0_local_memory'. This will prevent further optimization [c:/Users/MahmoudHc/Desktop/ptech/Projet/project_1/project_1.gen/sources_1/bd/design_2/synth/design_2.vhd:1894]
WARNING: [Synth 8-7129] Port In2[0] in module xlconcat_v2_1_7_xlconcat is either unconnected or has no load
WARNING: [Synth 8-7129] Port In3[0] in module xlconcat_v2_1_7_xlconcat is either unconnected or has no load
WARNING: [Synth 8-7129] Port In4[0] in module xlconcat_v2_1_7_xlconcat is either unconnected or has no load
WARNING: [Synth 8-7129] Port In5[0] in module xlconcat_v2_1_7_xlconcat is either unconnected or has no load
WARNING: [Synth 8-7129] Port In6[0] in module xlconcat_v2_1_7_xlconcat is either unconnected or has no load
WARNING: [Synth 8-7129] Port In7[0] in module xlconcat_v2_1_7_xlconcat is either unconnected or has no load
WARNING: [Synth 8-7129] Port In8[0] in module xlconcat_v2_1_7_xlconcat is either unconnected or has no load
WARNING: [Synth 8-7129] Port In9[0] in module xlconcat_v2_1_7_xlconcat is either unconnected or has no load
WARNING: [Synth 8-7129] Port In10[0] in module xlconcat_v2_1_7_xlconcat is either unconnected or has no load
WARNING: [Synth 8-7129] Port In11[0] in module xlconcat_v2_1_7_xlconcat is either unconnected or has no load
WARNING: [Synth 8-7129] Port In12[0] in module xlconcat_v2_1_7_xlconcat is either unconnected or has no load
WARNING: [Synth 8-7129] Port In13[0] in module xlconcat_v2_1_7_xlconcat is either unconnected or has no load
WARNING: [Synth 8-7129] Port In14[0] in module xlconcat_v2_1_7_xlconcat is either unconnected or has no load
WARNING: [Synth 8-7129] Port In15[0] in module xlconcat_v2_1_7_xlconcat is either unconnected or has no load
WARNING: [Synth 8-7129] Port In16[0] in module xlconcat_v2_1_7_xlconcat is either unconnected or has no load
WARNING: [Synth 8-7129] Port In17[0] in module xlconcat_v2_1_7_xlconcat is either unconnected or has no load
WARNING: [Synth 8-7129] Port In18[0] in module xlconcat_v2_1_7_xlconcat is either unconnected or has no load
WARNING: [Synth 8-7129] Port In19[0] in module xlconcat_v2_1_7_xlconcat is either unconnected or has no load
WARNING: [Synth 8-7129] Port In20[0] in module xlconcat_v2_1_7_xlconcat is either unconnected or has no load
WARNING: [Synth 8-7129] Port In21[0] in module xlconcat_v2_1_7_xlconcat is either unconnected or has no load
WARNING: [Synth 8-7129] Port In22[0] in module xlconcat_v2_1_7_xlconcat is either unconnected or has no load
WARNING: [Synth 8-7129] Port In23[0] in module xlconcat_v2_1_7_xlconcat is either unconnected or has no load
WARNING: [Synth 8-7129] Port In24[0] in module xlconcat_v2_1_7_xlconcat is either unconnected or has no load
WARNING: [Synth 8-7129] Port In25[0] in module xlconcat_v2_1_7_xlconcat is either unconnected or has no load
WARNING: [Synth 8-7129] Port In26[0] in module xlconcat_v2_1_7_xlconcat is either unconnected or has no load
WARNING: [Synth 8-7129] Port In27[0] in module xlconcat_v2_1_7_xlconcat is either unconnected or has no load
WARNING: [Synth 8-7129] Port In28[0] in module xlconcat_v2_1_7_xlconcat is either unconnected or has no load
WARNING: [Synth 8-7129] Port In29[0] in module xlconcat_v2_1_7_xlconcat is either unconnected or has no load
WARNING: [Synth 8-7129] Port In30[0] in module xlconcat_v2_1_7_xlconcat is either unconnected or has no load
WARNING: [Synth 8-7129] Port In31[0] in module xlconcat_v2_1_7_xlconcat is either unconnected or has no load
WARNING: [Synth 8-7129] Port In32[0] in module xlconcat_v2_1_7_xlconcat is either unconnected or has no load
WARNING: [Synth 8-7129] Port In33[0] in module xlconcat_v2_1_7_xlconcat is either unconnected or has no load
WARNING: [Synth 8-7129] Port In34[0] in module xlconcat_v2_1_7_xlconcat is either unconnected or has no load
WARNING: [Synth 8-7129] Port In35[0] in module xlconcat_v2_1_7_xlconcat is either unconnected or has no load
WARNING: [Synth 8-7129] Port In36[0] in module xlconcat_v2_1_7_xlconcat is either unconnected or has no load
WARNING: [Synth 8-7129] Port In37[0] in module xlconcat_v2_1_7_xlconcat is either unconnected or has no load
WARNING: [Synth 8-7129] Port In38[0] in module xlconcat_v2_1_7_xlconcat is either unconnected or has no load
WARNING: [Synth 8-7129] Port In39[0] in module xlconcat_v2_1_7_xlconcat is either unconnected or has no load
WARNING: [Synth 8-7129] Port In40[0] in module xlconcat_v2_1_7_xlconcat is either unconnected or has no load
WARNING: [Synth 8-7129] Port In41[0] in module xlconcat_v2_1_7_xlconcat is either unconnected or has no load
WARNING: [Synth 8-7129] Port In42[0] in module xlconcat_v2_1_7_xlconcat is either unconnected or has no load
WARNING: [Synth 8-7129] Port In43[0] in module xlconcat_v2_1_7_xlconcat is either unconnected or has no load
WARNING: [Synth 8-7129] Port In44[0] in module xlconcat_v2_1_7_xlconcat is either unconnected or has no load
WARNING: [Synth 8-7129] Port In45[0] in module xlconcat_v2_1_7_xlconcat is either unconnected or has no load
WARNING: [Synth 8-7129] Port In46[0] in module xlconcat_v2_1_7_xlconcat is either unconnected or has no load
WARNING: [Synth 8-7129] Port In47[0] in module xlconcat_v2_1_7_xlconcat is either unconnected or has no load
WARNING: [Synth 8-7129] Port In48[0] in module xlconcat_v2_1_7_xlconcat is either unconnected or has no load
WARNING: [Synth 8-7129] Port In49[0] in module xlconcat_v2_1_7_xlconcat is either unconnected or has no load
WARNING: [Synth 8-7129] Port In50[0] in module xlconcat_v2_1_7_xlconcat is either unconnected or has no load
WARNING: [Synth 8-7129] Port In51[0] in module xlconcat_v2_1_7_xlconcat is either unconnected or has no load
WARNING: [Synth 8-7129] Port In52[0] in module xlconcat_v2_1_7_xlconcat is either unconnected or has no load
WARNING: [Synth 8-7129] Port In53[0] in module xlconcat_v2_1_7_xlconcat is either unconnected or has no load
WARNING: [Synth 8-7129] Port In54[0] in module xlconcat_v2_1_7_xlconcat is either unconnected or has no load
WARNING: [Synth 8-7129] Port In55[0] in module xlconcat_v2_1_7_xlconcat is either unconnected or has no load
WARNING: [Synth 8-7129] Port In56[0] in module xlconcat_v2_1_7_xlconcat is either unconnected or has no load
WARNING: [Synth 8-7129] Port In57[0] in module xlconcat_v2_1_7_xlconcat is either unconnected or has no load
WARNING: [Synth 8-7129] Port In58[0] in module xlconcat_v2_1_7_xlconcat is either unconnected or has no load
WARNING: [Synth 8-7129] Port In59[0] in module xlconcat_v2_1_7_xlconcat is either unconnected or has no load
WARNING: [Synth 8-7129] Port In60[0] in module xlconcat_v2_1_7_xlconcat is either unconnected or has no load
WARNING: [Synth 8-7129] Port In61[0] in module xlconcat_v2_1_7_xlconcat is either unconnected or has no load
WARNING: [Synth 8-7129] Port In62[0] in module xlconcat_v2_1_7_xlconcat is either unconnected or has no load
WARNING: [Synth 8-7129] Port In63[0] in module xlconcat_v2_1_7_xlconcat is either unconnected or has no load
WARNING: [Synth 8-7129] Port In64[0] in module xlconcat_v2_1_7_xlconcat is either unconnected or has no load
WARNING: [Synth 8-7129] Port In65[0] in module xlconcat_v2_1_7_xlconcat is either unconnected or has no load
WARNING: [Synth 8-7129] Port In66[0] in module xlconcat_v2_1_7_xlconcat is either unconnected or has no load
WARNING: [Synth 8-7129] Port In67[0] in module xlconcat_v2_1_7_xlconcat is either unconnected or has no load
WARNING: [Synth 8-7129] Port In68[0] in module xlconcat_v2_1_7_xlconcat is either unconnected or has no load
WARNING: [Synth 8-7129] Port In69[0] in module xlconcat_v2_1_7_xlconcat is either unconnected or has no load
WARNING: [Synth 8-7129] Port In70[0] in module xlconcat_v2_1_7_xlconcat is either unconnected or has no load
WARNING: [Synth 8-7129] Port In71[0] in module xlconcat_v2_1_7_xlconcat is either unconnected or has no load
WARNING: [Synth 8-7129] Port In72[0] in module xlconcat_v2_1_7_xlconcat is either unconnected or has no load
WARNING: [Synth 8-7129] Port In73[0] in module xlconcat_v2_1_7_xlconcat is either unconnected or has no load
WARNING: [Synth 8-7129] Port In74[0] in module xlconcat_v2_1_7_xlconcat is either unconnected or has no load
WARNING: [Synth 8-7129] Port In75[0] in module xlconcat_v2_1_7_xlconcat is either unconnected or has no load
WARNING: [Synth 8-7129] Port In76[0] in module xlconcat_v2_1_7_xlconcat is either unconnected or has no load
WARNING: [Synth 8-7129] Port In77[0] in module xlconcat_v2_1_7_xlconcat is either unconnected or has no load
WARNING: [Synth 8-7129] Port In78[0] in module xlconcat_v2_1_7_xlconcat is either unconnected or has no load
WARNING: [Synth 8-7129] Port In79[0] in module xlconcat_v2_1_7_xlconcat is either unconnected or has no load
WARNING: [Synth 8-7129] Port In80[0] in module xlconcat_v2_1_7_xlconcat is either unconnected or has no load
WARNING: [Synth 8-7129] Port In81[0] in module xlconcat_v2_1_7_xlconcat is either unconnected or has no load
WARNING: [Synth 8-7129] Port In82[0] in module xlconcat_v2_1_7_xlconcat is either unconnected or has no load
WARNING: [Synth 8-7129] Port In83[0] in module xlconcat_v2_1_7_xlconcat is either unconnected or has no load
WARNING: [Synth 8-7129] Port In84[0] in module xlconcat_v2_1_7_xlconcat is either unconnected or has no load
WARNING: [Synth 8-7129] Port In85[0] in module xlconcat_v2_1_7_xlconcat is either unconnected or has no load
WARNING: [Synth 8-7129] Port In86[0] in module xlconcat_v2_1_7_xlconcat is either unconnected or has no load
WARNING: [Synth 8-7129] Port In87[0] in module xlconcat_v2_1_7_xlconcat is either unconnected or has no load
WARNING: [Synth 8-7129] Port In88[0] in module xlconcat_v2_1_7_xlconcat is either unconnected or has no load
WARNING: [Synth 8-7129] Port In89[0] in module xlconcat_v2_1_7_xlconcat is either unconnected or has no load
WARNING: [Synth 8-7129] Port In90[0] in module xlconcat_v2_1_7_xlconcat is either unconnected or has no load
WARNING: [Synth 8-7129] Port In91[0] in module xlconcat_v2_1_7_xlconcat is either unconnected or has no load
WARNING: [Synth 8-7129] Port In92[0] in module xlconcat_v2_1_7_xlconcat is either unconnected or has no load
WARNING: [Synth 8-7129] Port In93[0] in module xlconcat_v2_1_7_xlconcat is either unconnected or has no load
WARNING: [Synth 8-7129] Port In94[0] in module xlconcat_v2_1_7_xlconcat is either unconnected or has no load
WARNING: [Synth 8-7129] Port In95[0] in module xlconcat_v2_1_7_xlconcat is either unconnected or has no load
WARNING: [Synth 8-7129] Port In96[0] in module xlconcat_v2_1_7_xlconcat is either unconnected or has no load
WARNING: [Synth 8-7129] Port In97[0] in module xlconcat_v2_1_7_xlconcat is either unconnected or has no load
WARNING: [Synth 8-7129] Port In98[0] in module xlconcat_v2_1_7_xlconcat is either unconnected or has no load
WARNING: [Synth 8-7129] Port In99[0] in module xlconcat_v2_1_7_xlconcat is either unconnected or has no load
WARNING: [Synth 8-7129] Port In100[0] in module xlconcat_v2_1_7_xlconcat is either unconnected or has no load
WARNING: [Synth 8-7129] Port In101[0] in module xlconcat_v2_1_7_xlconcat is either unconnected or has no load
INFO: [Common 17-14] Message 'Synth 8-7129' appears 100 times and further instances of the messages will be disabled. Use the Tcl command set_msg_config to change the current settings.
---------------------------------------------------------------------------------
Finished RTL Elaboration : Time (s): cpu = 00:00:12 ; elapsed = 00:00:13 . Memory (MB): peak = 1698.410 ; gain = 679.832
---------------------------------------------------------------------------------
---------------------------------------------------------------------------------
Start Handling Custom Attributes
---------------------------------------------------------------------------------
---------------------------------------------------------------------------------
Finished Handling Custom Attributes : Time (s): cpu = 00:00:12 ; elapsed = 00:00:13 . Memory (MB): peak = 1698.410 ; gain = 679.832
---------------------------------------------------------------------------------
---------------------------------------------------------------------------------
Finished RTL Optimization Phase 1 : Time (s): cpu = 00:00:12 ; elapsed = 00:00:13 . Memory (MB): peak = 1698.410 ; gain = 679.832
---------------------------------------------------------------------------------
Netlist sorting complete. Time (s): cpu = 00:00:00 ; elapsed = 00:00:00.030 . Memory (MB): peak = 1698.410 ; gain = 0.000
INFO: [Project 1-570] Preparing netlist for logic optimization

Processing XDC Constraints
Initializing timing engine
Parsing XDC File [c:/Users/MahmoudHc/Desktop/ptech/Projet/project_1/project_1.gen/sources_1/bd/design_2/ip/design_2_microblaze_riscv_0_1/design_2_microblaze_riscv_0_1/design_2_microblaze_riscv_0_1_in_context.xdc] for cell 'design_2_i/microblaze_riscv_0'
Finished Parsing XDC File [c:/Users/MahmoudHc/Desktop/ptech/Projet/project_1/project_1.gen/sources_1/bd/design_2/ip/design_2_microblaze_riscv_0_1/design_2_microblaze_riscv_0_1/design_2_microblaze_riscv_0_1_in_context.xdc] for cell 'design_2_i/microblaze_riscv_0'
Parsing XDC File [c:/Users/MahmoudHc/Desktop/ptech/Projet/project_1/project_1.gen/sources_1/bd/design_2/ip/design_2_dlmb_v10_1/design_2_dlmb_v10_1/design_2_dlmb_v10_1_in_context.xdc] for cell 'design_2_i/microblaze_riscv_0_local_memory/dlmb_v10'
Finished Parsing XDC File [c:/Users/MahmoudHc/Desktop/ptech/Projet/project_1/project_1.gen/sources_1/bd/design_2/ip/design_2_dlmb_v10_1/design_2_dlmb_v10_1/design_2_dlmb_v10_1_in_context.xdc] for cell 'design_2_i/microblaze_riscv_0_local_memory/dlmb_v10'
Parsing XDC File [c:/Users/MahmoudHc/Desktop/ptech/Projet/project_1/project_1.gen/sources_1/bd/design_2/ip/design_2_ilmb_v10_1/design_2_ilmb_v10_1/design_2_dlmb_v10_1_in_context.xdc] for cell 'design_2_i/microblaze_riscv_0_local_memory/ilmb_v10'
Finished Parsing XDC File [c:/Users/MahmoudHc/Desktop/ptech/Projet/project_1/project_1.gen/sources_1/bd/design_2/ip/design_2_ilmb_v10_1/design_2_ilmb_v10_1/design_2_dlmb_v10_1_in_context.xdc] for cell 'design_2_i/microblaze_riscv_0_local_memory/ilmb_v10'
Parsing XDC File [c:/Users/MahmoudHc/Desktop/ptech/Projet/project_1/project_1.gen/sources_1/bd/design_2/ip/design_2_dlmb_bram_if_cntlr_1/design_2_dlmb_bram_if_cntlr_1/design_2_dlmb_bram_if_cntlr_1_in_context.xdc] for cell 'design_2_i/microblaze_riscv_0_local_memory/dlmb_bram_if_cntlr'
Finished Parsing XDC File [c:/Users/MahmoudHc/Desktop/ptech/Projet/project_1/project_1.gen/sources_1/bd/design_2/ip/design_2_dlmb_bram_if_cntlr_1/design_2_dlmb_bram_if_cntlr_1/design_2_dlmb_bram_if_cntlr_1_in_context.xdc] for cell 'design_2_i/microblaze_riscv_0_local_memory/dlmb_bram_if_cntlr'
Parsing XDC File [c:/Users/MahmoudHc/Desktop/ptech/Projet/project_1/project_1.gen/sources_1/bd/design_2/ip/design_2_ilmb_bram_if_cntlr_1/design_2_ilmb_bram_if_cntlr_1/design_2_ilmb_bram_if_cntlr_1_in_context.xdc] for cell 'design_2_i/microblaze_riscv_0_local_memory/ilmb_bram_if_cntlr'
Finished Parsing XDC File [c:/Users/MahmoudHc/Desktop/ptech/Projet/project_1/project_1.gen/sources_1/bd/design_2/ip/design_2_ilmb_bram_if_cntlr_1/design_2_ilmb_bram_if_cntlr_1/design_2_ilmb_bram_if_cntlr_1_in_context.xdc] for cell 'design_2_i/microblaze_riscv_0_local_memory/ilmb_bram_if_cntlr'
Parsing XDC File [c:/Users/MahmoudHc/Desktop/ptech/Projet/project_1/project_1.gen/sources_1/bd/design_2/ip/design_2_lmb_bram_1/design_2_lmb_bram_1/design_2_lmb_bram_1_in_context.xdc] for cell 'design_2_i/microblaze_riscv_0_local_memory/lmb_bram'
Finished Parsing XDC File [c:/Users/MahmoudHc/Desktop/ptech/Projet/project_1/project_1.gen/sources_1/bd/design_2/ip/design_2_lmb_bram_1/design_2_lmb_bram_1/design_2_lmb_bram_1_in_context.xdc] for cell 'design_2_i/microblaze_riscv_0_local_memory/lmb_bram'
Parsing XDC File [c:/Users/MahmoudHc/Desktop/ptech/Projet/project_1/project_1.gen/sources_1/bd/design_2/ip/design_2_microblaze_riscv_0_axi_periph_upgraded_ipi_imp_xbar_0/design_2_microblaze_riscv_0_axi_periph_upgraded_ipi_imp_xbar_0/design_2_microblaze_riscv_0_axi_periph_upgraded_ipi_imp_xbar_0_in_context.xdc] for cell 'design_2_i/microblaze_riscv_0_axi_periph/xbar'
Finished Parsing XDC File [c:/Users/MahmoudHc/Desktop/ptech/Projet/project_1/project_1.gen/sources_1/bd/design_2/ip/design_2_microblaze_riscv_0_axi_periph_upgraded_ipi_imp_xbar_0/design_2_microblaze_riscv_0_axi_periph_upgraded_ipi_imp_xbar_0/design_2_microblaze_riscv_0_axi_periph_upgraded_ipi_imp_xbar_0_in_context.xdc] for cell 'design_2_i/microblaze_riscv_0_axi_periph/xbar'
Parsing XDC File [c:/Users/MahmoudHc/Desktop/ptech/Projet/project_1/project_1.gen/sources_1/bd/design_2/ip/design_2_microblaze_riscv_0_axi_intc_1/design_2_microblaze_riscv_0_axi_intc_1/design_2_microblaze_riscv_0_axi_intc_1_in_context.xdc] for cell 'design_2_i/microblaze_riscv_0_axi_intc'
Finished Parsing XDC File [c:/Users/MahmoudHc/Desktop/ptech/Projet/project_1/project_1.gen/sources_1/bd/design_2/ip/design_2_microblaze_riscv_0_axi_intc_1/design_2_microblaze_riscv_0_axi_intc_1/design_2_microblaze_riscv_0_axi_intc_1_in_context.xdc] for cell 'design_2_i/microblaze_riscv_0_axi_intc'
Parsing XDC File [c:/Users/MahmoudHc/Desktop/ptech/Projet/project_1/project_1.gen/sources_1/bd/design_2/ip/design_2_mdm_1_1/design_2_mdm_1_1/design_2_mdm_1_1_in_context.xdc] for cell 'design_2_i/mdm_1'
Finished Parsing XDC File [c:/Users/MahmoudHc/Desktop/ptech/Projet/project_1/project_1.gen/sources_1/bd/design_2/ip/design_2_mdm_1_1/design_2_mdm_1_1/design_2_mdm_1_1_in_context.xdc] for cell 'design_2_i/mdm_1'
Parsing XDC File [c:/Users/MahmoudHc/Desktop/ptech/Projet/project_1/project_1.gen/sources_1/bd/design_2/ip/design_2_rst_clk_wiz_1_100M_0/design_2_rst_clk_wiz_1_100M_0/design_2_rst_clk_wiz_1_100M_0_in_context.xdc] for cell 'design_2_i/rst_clk_wiz_1_100M'
Finished Parsing XDC File [c:/Users/MahmoudHc/Desktop/ptech/Projet/project_1/project_1.gen/sources_1/bd/design_2/ip/design_2_rst_clk_wiz_1_100M_0/design_2_rst_clk_wiz_1_100M_0/design_2_rst_clk_wiz_1_100M_0_in_context.xdc] for cell 'design_2_i/rst_clk_wiz_1_100M'
Parsing XDC File [c:/Users/MahmoudHc/Desktop/ptech/Projet/project_1/project_1.gen/sources_1/bd/design_2/ip/design_2_system_ila_0_0/design_2_system_ila_0_0/design_2_system_ila_0_0_in_context.xdc] for cell 'design_2_i/system_ila_0'
Finished Parsing XDC File [c:/Users/MahmoudHc/Desktop/ptech/Projet/project_1/project_1.gen/sources_1/bd/design_2/ip/design_2_system_ila_0_0/design_2_system_ila_0_0/design_2_system_ila_0_0_in_context.xdc] for cell 'design_2_i/system_ila_0'
Parsing XDC File [c:/Users/MahmoudHc/Desktop/ptech/Projet/project_1/project_1.gen/sources_1/bd/design_2/ip/design_2_axi_gpio_0_1/design_2_axi_gpio_0_1/design_2_axi_gpio_0_1_in_context.xdc] for cell 'design_2_i/axi_gpio_0'
Finished Parsing XDC File [c:/Users/MahmoudHc/Desktop/ptech/Projet/project_1/project_1.gen/sources_1/bd/design_2/ip/design_2_axi_gpio_0_1/design_2_axi_gpio_0_1/design_2_axi_gpio_0_1_in_context.xdc] for cell 'design_2_i/axi_gpio_0'
Parsing XDC File [c:/Users/MahmoudHc/Desktop/ptech/Projet/project_1/project_1.gen/sources_1/bd/design_2/ip/design_2_clk_wiz_0_2/design_2_clk_wiz_0_2/design_2_clk_wiz_0_2_in_context.xdc] for cell 'design_2_i/clk_wiz_0'
Finished Parsing XDC File [c:/Users/MahmoudHc/Desktop/ptech/Projet/project_1/project_1.gen/sources_1/bd/design_2/ip/design_2_clk_wiz_0_2/design_2_clk_wiz_0_2/design_2_clk_wiz_0_2_in_context.xdc] for cell 'design_2_i/clk_wiz_0'
Parsing XDC File [C:/Users/MahmoudHc/Desktop/ptech/Projet/project_1/project_1.srcs/constrs_1/new/const.xdc]
Finished Parsing XDC File [C:/Users/MahmoudHc/Desktop/ptech/Projet/project_1/project_1.srcs/constrs_1/new/const.xdc]
INFO: [Project 1-236] Implementation specific constraints were found while reading constraint file [C:/Users/MahmoudHc/Desktop/ptech/Projet/project_1/project_1.srcs/constrs_1/new/const.xdc]. These constraints will be ignored for synthesis but will be used in implementation. Impacted constraints are listed in the file [.Xil/design_2_wrapper_propImpl.xdc].
Resolution: To avoid this warning, move constraints listed in [.Xil/design_2_wrapper_propImpl.xdc] to another XDC file and exclude this new file from synthesis with the used_in_synthesis property (File Properties dialog in GUI) and re-run elaboration/synthesis.
Parsing XDC File [C:/Users/MahmoudHc/Desktop/ptech/Projet/project_1/project_1.runs/synth_1/dont_touch.xdc]
Finished Parsing XDC File [C:/Users/MahmoudHc/Desktop/ptech/Projet/project_1/project_1.runs/synth_1/dont_touch.xdc]
Completed Processing XDC Constraints

Netlist sorting complete. Time (s): cpu = 00:00:00 ; elapsed = 00:00:00 . Memory (MB): peak = 1708.168 ; gain = 0.000
INFO: [Project 1-111] Unisim Transformation Summary:
No Unisim elements were transformed.

Constraint Validation Runtime : Time (s): cpu = 00:00:00 ; elapsed = 00:00:00.026 . Memory (MB): peak = 1708.168 ; gain = 0.000
WARNING: [Timing 38-316] Clock period '20.000' specified during out-of-context synthesis of instance 'design_2_i/microblaze_riscv_0_local_memory/lmb_bram' at clock pin 'clka' is different from the actual clock period '10.000', this can lead to different synthesis results.
INFO: [Designutils 20-5440] No compile time benefit to using incremental synthesis; A full resynthesis will be run
INFO: [Designutils 20-4379] Flow is switching to default flow due to incremental criteria not met. If you would like to alter this behaviour and have the flow terminate instead, please set the following parameter config_implementation {autoIncr.Synth.RejectBehavior Terminate}
---------------------------------------------------------------------------------
Finished Constraint Validation : Time (s): cpu = 00:00:25 ; elapsed = 00:00:27 . Memory (MB): peak = 1708.191 ; gain = 689.613
---------------------------------------------------------------------------------
---------------------------------------------------------------------------------
Start Loading Part and Timing Information
---------------------------------------------------------------------------------
Loading part: xc7z020clg484-1
---------------------------------------------------------------------------------
Finished Loading Part and Timing Information : Time (s): cpu = 00:00:25 ; elapsed = 00:00:27 . Memory (MB): peak = 1708.191 ; gain = 689.613
---------------------------------------------------------------------------------
---------------------------------------------------------------------------------
Start Applying 'set_property' XDC Constraints
---------------------------------------------------------------------------------
---------------------------------------------------------------------------------
Finished applying 'set_property' XDC Constraints : Time (s): cpu = 00:00:25 ; elapsed = 00:00:27 . Memory (MB): peak = 1708.191 ; gain = 689.613
---------------------------------------------------------------------------------
---------------------------------------------------------------------------------
Finished RTL Optimization Phase 2 : Time (s): cpu = 00:00:25 ; elapsed = 00:00:27 . Memory (MB): peak = 1708.191 ; gain = 689.613
---------------------------------------------------------------------------------
---------------------------------------------------------------------------------
Start RTL Component Statistics 
---------------------------------------------------------------------------------
Detailed RTL Component Info : 
---------------------------------------------------------------------------------
Finished RTL Component Statistics 
---------------------------------------------------------------------------------
---------------------------------------------------------------------------------
Start Part Resource Summary
---------------------------------------------------------------------------------
Part Resources:
DSPs: 220 (col length:60)
BRAMs: 280 (col length: RAMB18 60 RAMB36 30)
---------------------------------------------------------------------------------
Finished Part Resource Summary
---------------------------------------------------------------------------------
---------------------------------------------------------------------------------
Start Cross Boundary and Area Optimization
---------------------------------------------------------------------------------
---------------------------------------------------------------------------------
Finished Cross Boundary and Area Optimization : Time (s): cpu = 00:00:28 ; elapsed = 00:00:30 . Memory (MB): peak = 1708.191 ; gain = 689.613
---------------------------------------------------------------------------------
---------------------------------------------------------------------------------
Start Applying XDC Timing Constraints
---------------------------------------------------------------------------------
---------------------------------------------------------------------------------
Finished Applying XDC Timing Constraints : Time (s): cpu = 00:00:36 ; elapsed = 00:00:38 . Memory (MB): peak = 1874.031 ; gain = 855.453
---------------------------------------------------------------------------------
---------------------------------------------------------------------------------
Start Timing Optimization
---------------------------------------------------------------------------------
---------------------------------------------------------------------------------
Finished Timing Optimization : Time (s): cpu = 00:00:36 ; elapsed = 00:00:38 . Memory (MB): peak = 1875.035 ; gain = 856.457
---------------------------------------------------------------------------------
---------------------------------------------------------------------------------
Start Technology Mapping
---------------------------------------------------------------------------------
---------------------------------------------------------------------------------
Finished Technology Mapping : Time (s): cpu = 00:00:36 ; elapsed = 00:00:38 . Memory (MB): peak = 1885.039 ; gain = 866.461
---------------------------------------------------------------------------------
---------------------------------------------------------------------------------
Start IO Insertion
---------------------------------------------------------------------------------
---------------------------------------------------------------------------------
Start Flattening Before IO Insertion
---------------------------------------------------------------------------------
---------------------------------------------------------------------------------
Finished Flattening Before IO Insertion
---------------------------------------------------------------------------------
---------------------------------------------------------------------------------
Start Final Netlist Cleanup
---------------------------------------------------------------------------------
---------------------------------------------------------------------------------
Finished Final Netlist Cleanup
---------------------------------------------------------------------------------
---------------------------------------------------------------------------------
Finished IO Insertion : Time (s): cpu = 00:00:43 ; elapsed = 00:00:45 . Memory (MB): peak = 2134.145 ; gain = 1115.566
---------------------------------------------------------------------------------
---------------------------------------------------------------------------------
Start Renaming Generated Instances
---------------------------------------------------------------------------------
---------------------------------------------------------------------------------
Finished Renaming Generated Instances : Time (s): cpu = 00:00:43 ; elapsed = 00:00:45 . Memory (MB): peak = 2134.145 ; gain = 1115.566
---------------------------------------------------------------------------------
---------------------------------------------------------------------------------
Start Rebuilding User Hierarchy
---------------------------------------------------------------------------------
---------------------------------------------------------------------------------
Finished Rebuilding User Hierarchy : Time (s): cpu = 00:00:43 ; elapsed = 00:00:45 . Memory (MB): peak = 2134.145 ; gain = 1115.566
---------------------------------------------------------------------------------
---------------------------------------------------------------------------------
Start Renaming Generated Ports
---------------------------------------------------------------------------------
---------------------------------------------------------------------------------
Finished Renaming Generated Ports : Time (s): cpu = 00:00:43 ; elapsed = 00:00:45 . Memory (MB): peak = 2134.145 ; gain = 1115.566
---------------------------------------------------------------------------------
---------------------------------------------------------------------------------
Start Handling Custom Attributes
---------------------------------------------------------------------------------
---------------------------------------------------------------------------------
Finished Handling Custom Attributes : Time (s): cpu = 00:00:43 ; elapsed = 00:00:46 . Memory (MB): peak = 2134.145 ; gain = 1115.566
---------------------------------------------------------------------------------
---------------------------------------------------------------------------------
Start Renaming Generated Nets
---------------------------------------------------------------------------------
---------------------------------------------------------------------------------
Finished Renaming Generated Nets : Time (s): cpu = 00:00:43 ; elapsed = 00:00:46 . Memory (MB): peak = 2134.145 ; gain = 1115.566
---------------------------------------------------------------------------------
---------------------------------------------------------------------------------
Start Writing Synthesis Report
---------------------------------------------------------------------------------

Report BlackBoxes: 
+------+---------------------------------------------------------------+----------+
|      |BlackBox name                                                  |Instances |
+------+---------------------------------------------------------------+----------+
|1     |design_2_microblaze_riscv_0_axi_periph_upgraded_ipi_imp_xbar_0 |         1|
|2     |design_2_dlmb_bram_if_cntlr_1                                  |         1|
|3     |design_2_dlmb_v10_1                                            |         1|
|4     |design_2_ilmb_bram_if_cntlr_1                                  |         1|
|5     |design_2_ilmb_v10_1                                            |         1|
|6     |design_2_lmb_bram_1                                            |         1|
|7     |design_2_axi_gpio_0_1                                          |         1|
|8     |design_2_clk_wiz_0_2                                           |         1|
|9     |design_2_mdm_1_1                                               |         1|
|10    |design_2_microblaze_riscv_0_1                                  |         1|
|11    |design_2_microblaze_riscv_0_axi_intc_1                         |         1|
|12    |design_2_rst_clk_wiz_1_100M_0                                  |         1|
|13    |design_2_system_ila_0_0                                        |         1|
+------+---------------------------------------------------------------+----------+

Report Cell Usage: 
+------+--------------------------------------------------------------------+------+
|      |Cell                                                                |Count |
+------+--------------------------------------------------------------------+------+
|1     |design_2_axi_gpio_0_1_bbox                                          |     1|
|2     |design_2_clk_wiz_0_2_bbox                                           |     1|
|3     |design_2_dlmb_bram_if_cntlr_1_bbox                                  |     1|
|4     |design_2_dlmb_v10_1_bbox                                            |     1|
|5     |design_2_ilmb_bram_if_cntlr_1_bbox                                  |     1|
|6     |design_2_ilmb_v10_1_bbox                                            |     1|
|7     |design_2_lmb_bram_1_bbox                                            |     1|
|8     |design_2_mdm_1_1_bbox                                               |     1|
|9     |design_2_microblaze_riscv_0_1_bbox                                  |     1|
|10    |design_2_microblaze_riscv_0_axi_intc_1_bbox                         |     1|
|11    |design_2_microblaze_riscv_0_axi_periph_upgraded_ipi_imp_xbar_0_bbox |     1|
|12    |design_2_rst_clk_wiz_1_100M_0_bbox                                  |     1|
|13    |design_2_system_ila_0_0_bbox                                        |     1|
|14    |IBUF                                                                |     1|
|15    |OBUF                                                                |     8|
+------+--------------------------------------------------------------------+------+
---------------------------------------------------------------------------------
Finished Writing Synthesis Report : Time (s): cpu = 00:00:43 ; elapsed = 00:00:46 . Memory (MB): peak = 2134.145 ; gain = 1115.566
---------------------------------------------------------------------------------
Synthesis finished with 0 errors, 0 critical warnings and 6 warnings.
Synthesis Optimization Runtime : Time (s): cpu = 00:00:28 ; elapsed = 00:00:42 . Memory (MB): peak = 2134.145 ; gain = 1105.785
Synthesis Optimization Complete : Time (s): cpu = 00:00:43 ; elapsed = 00:00:46 . Memory (MB): peak = 2134.145 ; gain = 1115.566
INFO: [Project 1-571] Translating synthesized netlist
Netlist sorting complete. Time (s): cpu = 00:00:00 ; elapsed = 00:00:00.020 . Memory (MB): peak = 2143.223 ; gain = 0.000
INFO: [Project 1-570] Preparing netlist for logic optimization
INFO: [Opt 31-138] Pushed 0 inverter(s) to 0 load pin(s).
Netlist sorting complete. Time (s): cpu = 00:00:00 ; elapsed = 00:00:00 . Memory (MB): peak = 2146.883 ; gain = 0.000
INFO: [Project 1-111] Unisim Transformation Summary:
No Unisim elements were transformed.

Synth Design complete | Checksum: 30f99889
INFO: [Common 17-83] Releasing license: Synthesis
72 Infos, 101 Warnings, 0 Critical Warnings and 0 Errors encountered.
synth_design completed successfully
synth_design: Time (s): cpu = 00:00:49 ; elapsed = 00:00:56 . Memory (MB): peak = 2146.883 ; gain = 1349.148
Write ShapeDB Complete: Time (s): cpu = 00:00:00 ; elapsed = 00:00:00.002 . Memory (MB): peak = 2146.883 ; gain = 0.000
INFO: [Common 17-1381] The checkpoint 'C:/Users/MahmoudHc/Desktop/ptech/Projet/project_1/project_1.runs/synth_1/design_2_wrapper.dcp' has been generated.
INFO: [Vivado 12-24828] Executing command : report_utilization -file design_2_wrapper_utilization_synth.rpt -pb design_2_wrapper_utilization_synth.pb
INFO: [Common 17-206] Exiting Vivado at Thu Jan 22 09:15:32 2026...
