
*** Running vivado
    with args -log design_2_clk_wiz_0_2.vds -m64 -product Vivado -mode batch -messageDb vivado.pb -notrace -source design_2_clk_wiz_0_2.tcl



****** Vivado v2025.2 (64-bit)
  **** SW Build 6299465 on Fri Nov 14 19:35:11 GMT 2025
  **** IP Build 6300035 on Fri Nov 14 10:48:45 MST 2025
  **** SharedData Build 6298862 on Thu Nov 13 04:50:51 MST 2025
  **** Start of session at: Tue Nov 25 09:03:40 2025
    ** Copyright 1986-2022 Xilinx, Inc. All Rights Reserved.
    ** Copyright 2022-2025 Advanced Micro Devices, Inc. All Rights Reserved.

source design_2_clk_wiz_0_2.tcl -notrace
create_project: Time (s): cpu = 00:00:22 ; elapsed = 00:00:15 . Memory (MB): peak = 642.785 ; gain = 330.117
Command: synth_design -top design_2_clk_wiz_0_2 -part xc7z020clg484-1 -incremental_mode off -mode out_of_context
Starting synth_design
Attempting to get a license for feature 'Synthesis' and/or device 'xc7z020'
INFO: [Common 17-349] Got license for feature 'Synthesis' and/or device 'xc7z020'
INFO: [Device 21-403] Loading part xc7z020clg484-1
INFO: [Synth 8-7079] Multithreading enabled for synth_design using a maximum of 2 processes.
INFO: [Synth 8-7078] Launching helper process for spawning children vivado processes
INFO: [Synth 8-7075] Helper process launched with PID 14672
---------------------------------------------------------------------------------
Starting RTL Elaboration : Time (s): cpu = 00:00:12 ; elapsed = 00:00:14 . Memory (MB): peak = 1419.164 ; gain = 540.828
---------------------------------------------------------------------------------
INFO: [Synth 8-6157] synthesizing module 'design_2_clk_wiz_0_2' [c:/Users/MahmoudHc/Desktop/ptech/Projet/project_1/project_1.gen/sources_1/bd/design_2/ip/design_2_clk_wiz_0_2/design_2_clk_wiz_0_2.v:65]
INFO: [Synth 8-6157] synthesizing module 'design_2_clk_wiz_0_2_clk_wiz' [c:/Users/MahmoudHc/Desktop/ptech/Projet/project_1/project_1.gen/sources_1/bd/design_2/ip/design_2_clk_wiz_0_2/design_2_clk_wiz_0_2_clk_wiz.v:65]
INFO: [Synth 8-6157] synthesizing module 'IBUF' [C:/AMDDesignTools/2025.2/Vivado/scripts/rt/data/unisim_comp.v:82804]
INFO: [Synth 8-6155] done synthesizing module 'IBUF' (0#1) [C:/AMDDesignTools/2025.2/Vivado/scripts/rt/data/unisim_comp.v:82804]
INFO: [Synth 8-6157] synthesizing module 'MMCME2_ADV' [C:/AMDDesignTools/2025.2/Vivado/scripts/rt/data/unisim_comp.v:95844]
	Parameter BANDWIDTH bound to: OPTIMIZED - type: string 
	Parameter CLKFBOUT_MULT_F bound to: 1.000000e+01 - type: double 
	Parameter CLKFBOUT_PHASE bound to: 0.000000e+00 - type: double 
	Parameter CLKFBOUT_USE_FINE_PS bound to: FALSE - type: string 
	Parameter CLKIN1_PERIOD bound to: 1.000000e+01 - type: double 
	Parameter CLKOUT0_DIVIDE_F bound to: 1.000000e+01 - type: double 
	Parameter CLKOUT0_DUTY_CYCLE bound to: 5.000000e-01 - type: double 
	Parameter CLKOUT0_PHASE bound to: 0.000000e+00 - type: double 
	Parameter CLKOUT0_USE_FINE_PS bound to: FALSE - type: string 
	Parameter CLKOUT4_CASCADE bound to: FALSE - type: string 
	Parameter COMPENSATION bound to: ZHOLD - type: string 
	Parameter DIVCLK_DIVIDE bound to: 1 - type: integer 
	Parameter STARTUP_WAIT bound to: FALSE - type: string 
INFO: [Synth 8-6155] done synthesizing module 'MMCME2_ADV' (0#1) [C:/AMDDesignTools/2025.2/Vivado/scripts/rt/data/unisim_comp.v:95844]
INFO: [Synth 8-6157] synthesizing module 'BUFG' [C:/AMDDesignTools/2025.2/Vivado/scripts/rt/data/unisim_comp.v:2678]
INFO: [Synth 8-6155] done synthesizing module 'BUFG' (0#1) [C:/AMDDesignTools/2025.2/Vivado/scripts/rt/data/unisim_comp.v:2678]
INFO: [Synth 8-6155] done synthesizing module 'design_2_clk_wiz_0_2_clk_wiz' (0#1) [c:/Users/MahmoudHc/Desktop/ptech/Projet/project_1/project_1.gen/sources_1/bd/design_2/ip/design_2_clk_wiz_0_2/design_2_clk_wiz_0_2_clk_wiz.v:65]
INFO: [Synth 8-6155] done synthesizing module 'design_2_clk_wiz_0_2' (0#1) [c:/Users/MahmoudHc/Desktop/ptech/Projet/project_1/project_1.gen/sources_1/bd/design_2/ip/design_2_clk_wiz_0_2/design_2_clk_wiz_0_2.v:65]
---------------------------------------------------------------------------------
Finished RTL Elaboration : Time (s): cpu = 00:00:15 ; elapsed = 00:00:17 . Memory (MB): peak = 1540.379 ; gain = 662.043
---------------------------------------------------------------------------------
---------------------------------------------------------------------------------
Start Handling Custom Attributes
---------------------------------------------------------------------------------
---------------------------------------------------------------------------------
Finished Handling Custom Attributes : Time (s): cpu = 00:00:15 ; elapsed = 00:00:17 . Memory (MB): peak = 1540.379 ; gain = 662.043
---------------------------------------------------------------------------------
---------------------------------------------------------------------------------
Finished RTL Optimization Phase 1 : Time (s): cpu = 00:00:15 ; elapsed = 00:00:17 . Memory (MB): peak = 1540.379 ; gain = 662.043
---------------------------------------------------------------------------------
Netlist sorting complete. Time (s): cpu = 00:00:00 ; elapsed = 00:00:00 . Memory (MB): peak = 1540.379 ; gain = 0.000
INFO: [Netlist 29-17] Analyzing 1 Unisim elements for replacement
INFO: [Netlist 29-28] Unisim Transformation completed in 0 CPU seconds
INFO: [Project 1-570] Preparing netlist for logic optimization

Processing XDC Constraints
Initializing timing engine
Parsing XDC File [c:/Users/MahmoudHc/Desktop/ptech/Projet/project_1/project_1.gen/sources_1/bd/design_2/ip/design_2_clk_wiz_0_2/design_2_clk_wiz_0_2_ooc.xdc] for cell 'inst'
Finished Parsing XDC File [c:/Users/MahmoudHc/Desktop/ptech/Projet/project_1/project_1.gen/sources_1/bd/design_2/ip/design_2_clk_wiz_0_2/design_2_clk_wiz_0_2_ooc.xdc] for cell 'inst'
Parsing XDC File [c:/Users/MahmoudHc/Desktop/ptech/Projet/project_1/project_1.gen/sources_1/bd/design_2/ip/design_2_clk_wiz_0_2/design_2_clk_wiz_0_2_board.xdc] for cell 'inst'
Finished Parsing XDC File [c:/Users/MahmoudHc/Desktop/ptech/Projet/project_1/project_1.gen/sources_1/bd/design_2/ip/design_2_clk_wiz_0_2/design_2_clk_wiz_0_2_board.xdc] for cell 'inst'
Parsing XDC File [c:/Users/MahmoudHc/Desktop/ptech/Projet/project_1/project_1.gen/sources_1/bd/design_2/ip/design_2_clk_wiz_0_2/design_2_clk_wiz_0_2.xdc] for cell 'inst'
Finished Parsing XDC File [c:/Users/MahmoudHc/Desktop/ptech/Projet/project_1/project_1.gen/sources_1/bd/design_2/ip/design_2_clk_wiz_0_2/design_2_clk_wiz_0_2.xdc] for cell 'inst'
INFO: [Project 1-236] Implementation specific constraints were found while reading constraint file [c:/Users/MahmoudHc/Desktop/ptech/Projet/project_1/project_1.gen/sources_1/bd/design_2/ip/design_2_clk_wiz_0_2/design_2_clk_wiz_0_2.xdc]. These constraints will be ignored for synthesis but will be used in implementation. Impacted constraints are listed in the file [.Xil/design_2_clk_wiz_0_2_propImpl.xdc].
Resolution: To avoid this warning, move constraints listed in [.Xil/design_2_clk_wiz_0_2_propImpl.xdc] to another XDC file and exclude this new file from synthesis with the used_in_synthesis property (File Properties dialog in GUI) and re-run elaboration/synthesis.
INFO: [Timing 38-2] Deriving generated clocks
Parsing XDC File [C:/Users/MahmoudHc/Desktop/ptech/Projet/project_1/project_1.runs/design_2_clk_wiz_0_2_synth_1/dont_touch.xdc]
Finished Parsing XDC File [C:/Users/MahmoudHc/Desktop/ptech/Projet/project_1/project_1.runs/design_2_clk_wiz_0_2_synth_1/dont_touch.xdc]
Completed Processing XDC Constraints

Netlist sorting complete. Time (s): cpu = 00:00:00 ; elapsed = 00:00:00 . Memory (MB): peak = 1540.379 ; gain = 0.000
INFO: [Project 1-111] Unisim Transformation Summary:
No Unisim elements were transformed.

Constraint Validation Runtime : Time (s): cpu = 00:00:00 ; elapsed = 00:00:00.050 . Memory (MB): peak = 1540.379 ; gain = 0.000
INFO: [Designutils 20-5008] Incremental synthesis strategy off
---------------------------------------------------------------------------------
Finished Constraint Validation : Time (s): cpu = 00:00:30 ; elapsed = 00:00:34 . Memory (MB): peak = 1540.379 ; gain = 662.043
---------------------------------------------------------------------------------
---------------------------------------------------------------------------------
Start Loading Part and Timing Information
---------------------------------------------------------------------------------
Loading part: xc7z020clg484-1
---------------------------------------------------------------------------------
Finished Loading Part and Timing Information : Time (s): cpu = 00:00:30 ; elapsed = 00:00:34 . Memory (MB): peak = 1540.379 ; gain = 662.043
---------------------------------------------------------------------------------
---------------------------------------------------------------------------------
Start Applying 'set_property' XDC Constraints
---------------------------------------------------------------------------------
---------------------------------------------------------------------------------
Finished applying 'set_property' XDC Constraints : Time (s): cpu = 00:00:30 ; elapsed = 00:00:34 . Memory (MB): peak = 1540.379 ; gain = 662.043
---------------------------------------------------------------------------------
---------------------------------------------------------------------------------
Finished RTL Optimization Phase 2 : Time (s): cpu = 00:00:31 ; elapsed = 00:00:34 . Memory (MB): peak = 1540.379 ; gain = 662.043
---------------------------------------------------------------------------------
---------------------------------------------------------------------------------
Start RTL Component Statistics 
---------------------------------------------------------------------------------
Detailed RTL Component Info : 
---------------------------------------------------------------------------------
Finished RTL Component Statistics 
---------------------------------------------------------------------------------
---------------------------------------------------------------------------------
Start Part Resource Summary
---------------------------------------------------------------------------------
Part Resources:
DSPs: 220 (col length:60)
BRAMs: 280 (col length: RAMB18 60 RAMB36 30)
---------------------------------------------------------------------------------
Finished Part Resource Summary
---------------------------------------------------------------------------------
---------------------------------------------------------------------------------
Start Cross Boundary and Area Optimization
---------------------------------------------------------------------------------
---------------------------------------------------------------------------------
Finished Cross Boundary and Area Optimization : Time (s): cpu = 00:00:34 ; elapsed = 00:00:37 . Memory (MB): peak = 1542.898 ; gain = 664.562
---------------------------------------------------------------------------------
---------------------------------------------------------------------------------
Start Applying XDC Timing Constraints
---------------------------------------------------------------------------------
---------------------------------------------------------------------------------
Finished Applying XDC Timing Constraints : Time (s): cpu = 00:00:40 ; elapsed = 00:00:44 . Memory (MB): peak = 1715.363 ; gain = 837.027
---------------------------------------------------------------------------------
---------------------------------------------------------------------------------
Start Timing Optimization
---------------------------------------------------------------------------------
---------------------------------------------------------------------------------
Finished Timing Optimization : Time (s): cpu = 00:00:40 ; elapsed = 00:00:44 . Memory (MB): peak = 1715.629 ; gain = 837.293
---------------------------------------------------------------------------------
---------------------------------------------------------------------------------
Start Technology Mapping
---------------------------------------------------------------------------------
---------------------------------------------------------------------------------
Finished Technology Mapping : Time (s): cpu = 00:00:40 ; elapsed = 00:00:44 . Memory (MB): peak = 1725.203 ; gain = 846.867
---------------------------------------------------------------------------------
---------------------------------------------------------------------------------
Start IO Insertion
---------------------------------------------------------------------------------
---------------------------------------------------------------------------------
Start Flattening Before IO Insertion
---------------------------------------------------------------------------------
---------------------------------------------------------------------------------
Finished Flattening Before IO Insertion
---------------------------------------------------------------------------------
---------------------------------------------------------------------------------
Start Final Netlist Cleanup
---------------------------------------------------------------------------------
---------------------------------------------------------------------------------
Finished Final Netlist Cleanup
---------------------------------------------------------------------------------
---------------------------------------------------------------------------------
Finished IO Insertion : Time (s): cpu = 00:00:45 ; elapsed = 00:00:50 . Memory (MB): peak = 1974.512 ; gain = 1096.176
---------------------------------------------------------------------------------
---------------------------------------------------------------------------------
Start Renaming Generated Instances
---------------------------------------------------------------------------------
---------------------------------------------------------------------------------
Finished Renaming Generated Instances : Time (s): cpu = 00:00:45 ; elapsed = 00:00:50 . Memory (MB): peak = 1974.512 ; gain = 1096.176
---------------------------------------------------------------------------------
---------------------------------------------------------------------------------
Start Rebuilding User Hierarchy
---------------------------------------------------------------------------------
---------------------------------------------------------------------------------
Finished Rebuilding User Hierarchy : Time (s): cpu = 00:00:45 ; elapsed = 00:00:50 . Memory (MB): peak = 1974.512 ; gain = 1096.176
---------------------------------------------------------------------------------
---------------------------------------------------------------------------------
Start Renaming Generated Ports
---------------------------------------------------------------------------------
---------------------------------------------------------------------------------
Finished Renaming Generated Ports : Time (s): cpu = 00:00:45 ; elapsed = 00:00:50 . Memory (MB): peak = 1974.512 ; gain = 1096.176
---------------------------------------------------------------------------------
---------------------------------------------------------------------------------
Start Handling Custom Attributes
---------------------------------------------------------------------------------
---------------------------------------------------------------------------------
Finished Handling Custom Attributes : Time (s): cpu = 00:00:45 ; elapsed = 00:00:50 . Memory (MB): peak = 1974.512 ; gain = 1096.176
---------------------------------------------------------------------------------
---------------------------------------------------------------------------------
Start Renaming Generated Nets
---------------------------------------------------------------------------------
---------------------------------------------------------------------------------
Finished Renaming Generated Nets : Time (s): cpu = 00:00:45 ; elapsed = 00:00:50 . Memory (MB): peak = 1974.512 ; gain = 1096.176
---------------------------------------------------------------------------------
---------------------------------------------------------------------------------
Start Writing Synthesis Report
---------------------------------------------------------------------------------

Report BlackBoxes: 
+-+--------------+----------+
| |BlackBox name |Instances |
+-+--------------+----------+
+-+--------------+----------+

Report Cell Usage: 
+------+-----------+------+
|      |Cell       |Count |
+------+-----------+------+
|1     |BUFG       |     2|
|2     |MMCME2_ADV |     1|
|3     |IBUF       |     1|
+------+-----------+------+
---------------------------------------------------------------------------------
Finished Writing Synthesis Report : Time (s): cpu = 00:00:45 ; elapsed = 00:00:50 . Memory (MB): peak = 1974.512 ; gain = 1096.176
---------------------------------------------------------------------------------
Synthesis finished with 0 errors, 0 critical warnings and 0 warnings.
Synthesis Optimization Runtime : Time (s): cpu = 00:00:27 ; elapsed = 00:00:46 . Memory (MB): peak = 1974.512 ; gain = 1096.176
Synthesis Optimization Complete : Time (s): cpu = 00:00:45 ; elapsed = 00:00:50 . Memory (MB): peak = 1974.512 ; gain = 1096.176
INFO: [Project 1-571] Translating synthesized netlist
Netlist sorting complete. Time (s): cpu = 00:00:00 ; elapsed = 00:00:00 . Memory (MB): peak = 1974.512 ; gain = 0.000
INFO: [Netlist 29-17] Analyzing 1 Unisim elements for replacement
INFO: [Netlist 29-28] Unisim Transformation completed in 0 CPU seconds
INFO: [Project 1-570] Preparing netlist for logic optimization
INFO: [Opt 31-138] Pushed 0 inverter(s) to 0 load pin(s).
Netlist sorting complete. Time (s): cpu = 00:00:00 ; elapsed = 00:00:00 . Memory (MB): peak = 1987.242 ; gain = 0.000
INFO: [Project 1-111] Unisim Transformation Summary:
No Unisim elements were transformed.

Synth Design complete | Checksum: 6516127f
INFO: [Common 17-83] Releasing license: Synthesis
29 Infos, 0 Warnings, 0 Critical Warnings and 0 Errors encountered.
synth_design completed successfully
synth_design: Time (s): cpu = 00:00:51 ; elapsed = 00:01:00 . Memory (MB): peak = 1987.242 ; gain = 1334.070
Write ShapeDB Complete: Time (s): cpu = 00:00:00 ; elapsed = 00:00:00.001 . Memory (MB): peak = 1987.242 ; gain = 0.000
INFO: [Common 17-1381] The checkpoint 'C:/Users/MahmoudHc/Desktop/ptech/Projet/project_1/project_1.runs/design_2_clk_wiz_0_2_synth_1/design_2_clk_wiz_0_2.dcp' has been generated.
INFO: [Coretcl 2-1648] Added synthesis output to IP cache for IP design_2_clk_wiz_0_2, cache-ID = 5a8c08181a50b7e5
Write ShapeDB Complete: Time (s): cpu = 00:00:00 ; elapsed = 00:00:00.002 . Memory (MB): peak = 1987.242 ; gain = 0.000
INFO: [Common 17-1381] The checkpoint 'C:/Users/MahmoudHc/Desktop/ptech/Projet/project_1/project_1.runs/design_2_clk_wiz_0_2_synth_1/design_2_clk_wiz_0_2.dcp' has been generated.
INFO: [Vivado 12-24828] Executing command : report_utilization -file design_2_clk_wiz_0_2_utilization_synth.rpt -pb design_2_clk_wiz_0_2_utilization_synth.pb
INFO: [Common 17-206] Exiting Vivado at Tue Nov 25 09:05:06 2025...
